{"C:\\Users\\atardecer\\Desktop\\pruebas de software\\expressCart\\lib\\cart.js": {"path":"C:\\Users\\atardecer\\Desktop\\pruebas de software\\expressCart\\lib\\cart.js","statementMap":{"0":{"start":{"line":3,"column":4},"end":{"line":3,"column":23}},"1":{"start":{"line":5,"column":24},"end":{"line":57,"column":1}},"2":{"start":{"line":6,"column":19},"end":{"line":6,"column":30}},"3":{"start":{"line":7,"column":15},"end":{"line":7,"column":25}},"4":{"start":{"line":9,"column":4},"end":{"line":9,"column":36}},"5":{"start":{"line":10,"column":4},"end":{"line":10,"column":35}},"6":{"start":{"line":11,"column":4},"end":{"line":11,"column":38}},"7":{"start":{"line":14,"column":4},"end":{"line":16,"column":5}},"8":{"start":{"line":15,"column":8},"end":{"line":15,"column":15}},"9":{"start":{"line":18,"column":4},"end":{"line":21,"column":7}},"10":{"start":{"line":19,"column":8},"end":{"line":19,"column":106}},"11":{"start":{"line":20,"column":8},"end":{"line":20,"column":104}},"12":{"start":{"line":24,"column":4},"end":{"line":24,"column":70}},"13":{"start":{"line":27,"column":4},"end":{"line":27,"column":65}},"14":{"start":{"line":30,"column":4},"end":{"line":30,"column":38}},"15":{"start":{"line":33,"column":4},"end":{"line":37,"column":6}},"16":{"start":{"line":40,"column":4},"end":{"line":53,"column":5}},"17":{"start":{"line":42,"column":25},"end":{"line":42,"column":87}},"18":{"start":{"line":43,"column":8},"end":{"line":52,"column":9}},"19":{"start":{"line":44,"column":12},"end":{"line":47,"column":14}},"20":{"start":{"line":50,"column":12},"end":{"line":50,"column":44}},"21":{"start":{"line":51,"column":12},"end":{"line":51,"column":46}},"22":{"start":{"line":56,"column":4},"end":{"line":56,"column":131}},"23":{"start":{"line":59,"column":32},"end":{"line":73,"column":1}},"24":{"start":{"line":61,"column":4},"end":{"line":64,"column":5}},"25":{"start":{"line":62,"column":8},"end":{"line":62,"column":44}},"26":{"start":{"line":63,"column":8},"end":{"line":63,"column":15}},"27":{"start":{"line":66,"column":4},"end":{"line":72,"column":7}},"28":{"start":{"line":67,"column":8},"end":{"line":71,"column":9}},"29":{"start":{"line":68,"column":12},"end":{"line":68,"column":86}},"30":{"start":{"line":70,"column":12},"end":{"line":70,"column":48}},"31":{"start":{"line":75,"column":18},"end":{"line":113,"column":1}},"32":{"start":{"line":76,"column":15},"end":{"line":76,"column":25}},"33":{"start":{"line":79,"column":4},"end":{"line":79,"column":28}},"34":{"start":{"line":80,"column":4},"end":{"line":80,"column":38}},"35":{"start":{"line":81,"column":4},"end":{"line":81,"column":31}},"36":{"start":{"line":82,"column":4},"end":{"line":82,"column":40}},"37":{"start":{"line":83,"column":4},"end":{"line":83,"column":36}},"38":{"start":{"line":86,"column":4},"end":{"line":86,"column":59}},"39":{"start":{"line":89,"column":4},"end":{"line":89,"column":36}},"40":{"start":{"line":92,"column":4},"end":{"line":92,"column":38}},"41":{"start":{"line":95,"column":18},"end":{"line":95,"column":45}},"42":{"start":{"line":96,"column":4},"end":{"line":98,"column":5}},"43":{"start":{"line":97,"column":8},"end":{"line":97,"column":32}},"44":{"start":{"line":100,"column":4},"end":{"line":102,"column":5}},"45":{"start":{"line":101,"column":8},"end":{"line":101,"column":15}},"46":{"start":{"line":105,"column":4},"end":{"line":108,"column":5}},"47":{"start":{"line":106,"column":8},"end":{"line":106,"column":70}},"48":{"start":{"line":107,"column":8},"end":{"line":107,"column":15}},"49":{"start":{"line":110,"column":4},"end":{"line":110,"column":34}},"50":{"start":{"line":111,"column":4},"end":{"line":111,"column":40}},"51":{"start":{"line":112,"column":4},"end":{"line":112,"column":22}},"52":{"start":{"line":115,"column":0},"end":{"line":119,"column":2}}},"fnMap":{"0":{"name":"(anonymous_0)","decl":{"start":{"line":5,"column":24},"end":{"line":5,"column":25}},"loc":{"start":{"line":5,"column":44},"end":{"line":57,"column":1}},"line":5},"1":{"name":"(anonymous_1)","decl":{"start":{"line":18,"column":42},"end":{"line":18,"column":43}},"loc":{"start":{"line":18,"column":52},"end":{"line":21,"column":5}},"line":18},"2":{"name":"(anonymous_2)","decl":{"start":{"line":59,"column":32},"end":{"line":59,"column":33}},"loc":{"start":{"line":59,"column":46},"end":{"line":73,"column":1}},"line":59},"3":{"name":"(anonymous_3)","decl":{"start":{"line":66,"column":42},"end":{"line":66,"column":43}},"loc":{"start":{"line":66,"column":52},"end":{"line":72,"column":5}},"line":66},"4":{"name":"(anonymous_4)","decl":{"start":{"line":75,"column":18},"end":{"line":75,"column":19}},"loc":{"start":{"line":75,"column":59},"end":{"line":113,"column":1}},"line":75}},"branchMap":{"0":{"loc":{"start":{"line":14,"column":4},"end":{"line":16,"column":5}},"type":"if","locations":[{"start":{"line":14,"column":4},"end":{"line":16,"column":5}},{"start":{},"end":{}}],"line":14},"1":{"loc":{"start":{"line":40,"column":4},"end":{"line":53,"column":5}},"type":"if","locations":[{"start":{"line":40,"column":4},"end":{"line":53,"column":5}},{"start":{},"end":{}}],"line":40},"2":{"loc":{"start":{"line":43,"column":8},"end":{"line":52,"column":9}},"type":"if","locations":[{"start":{"line":43,"column":8},"end":{"line":52,"column":9}},{"start":{"line":48,"column":13},"end":{"line":52,"column":9}}],"line":43},"3":{"loc":{"start":{"line":61,"column":4},"end":{"line":64,"column":5}},"type":"if","locations":[{"start":{"line":61,"column":4},"end":{"line":64,"column":5}},{"start":{},"end":{}}],"line":61},"4":{"loc":{"start":{"line":61,"column":7},"end":{"line":61,"column":57}},"type":"binary-expr","locations":[{"start":{"line":61,"column":7},"end":{"line":61,"column":24}},{"start":{"line":61,"column":28},"end":{"line":61,"column":57}}],"line":61},"5":{"loc":{"start":{"line":67,"column":8},"end":{"line":71,"column":9}},"type":"if","locations":[{"start":{"line":67,"column":8},"end":{"line":71,"column":9}},{"start":{"line":69,"column":13},"end":{"line":71,"column":9}}],"line":67},"6":{"loc":{"start":{"line":96,"column":4},"end":{"line":98,"column":5}},"type":"if","locations":[{"start":{"line":96,"column":4},"end":{"line":98,"column":5}},{"start":{},"end":{}}],"line":96},"7":{"loc":{"start":{"line":100,"column":4},"end":{"line":102,"column":5}},"type":"if","locations":[{"start":{"line":100,"column":4},"end":{"line":102,"column":5}},{"start":{},"end":{}}],"line":100},"8":{"loc":{"start":{"line":105,"column":4},"end":{"line":108,"column":5}},"type":"if","locations":[{"start":{"line":105,"column":4},"end":{"line":108,"column":5}},{"start":{},"end":{}}],"line":105}},"s":{"0":1,"1":1,"2":4,"3":4,"4":4,"5":4,"6":4,"7":4,"8":4,"9":0,"10":0,"11":0,"12":0,"13":0,"14":0,"15":0,"16":0,"17":0,"18":0,"19":0,"20":0,"21":0,"22":0,"23":1,"24":3,"25":2,"26":2,"27":1,"28":1,"29":1,"30":0,"31":1,"32":2,"33":2,"34":2,"35":2,"36":2,"37":2,"38":2,"39":2,"40":2,"41":2,"42":2,"43":1,"44":2,"45":1,"46":1,"47":1,"48":1,"49":0,"50":0,"51":0,"52":1},"f":{"0":4,"1":0,"2":3,"3":1,"4":2},"b":{"0":[4,0],"1":[0,0],"2":[0,0],"3":[2,1],"4":[3,1],"5":[1,0],"6":[1,1],"7":[1,1],"8":[1,0]},"_coverageSchema":"1a1c01bbd47fc00a2c39e90264f33305004495a9","hash":"786b7b4192c444661d01698280fcb4c4b0e66faf"}
,"C:\\Users\\atardecer\\Desktop\\pruebas de software\\expressCart\\lib\\common.js": {"path":"C:\\Users\\atardecer\\Desktop\\pruebas de software\\expressCart\\lib\\common.js","statementMap":{"0":{"start":{"line":1,"column":15},"end":{"line":1,"column":32}},"1":{"start":{"line":2,"column":16},"end":{"line":2,"column":34}},"2":{"start":{"line":3,"column":14},"end":{"line":3,"column":30}},"3":{"start":{"line":4,"column":11},"end":{"line":4,"column":24}},"4":{"start":{"line":5,"column":13},"end":{"line":5,"column":28}},"5":{"start":{"line":6,"column":13},"end":{"line":6,"column":28}},"6":{"start":{"line":7,"column":14},"end":{"line":7,"column":30}},"7":{"start":{"line":8,"column":19},"end":{"line":8,"column":40}},"8":{"start":{"line":9,"column":21},"end":{"line":9,"column":45}},"9":{"start":{"line":10,"column":18},"end":{"line":10,"column":46}},"10":{"start":{"line":11,"column":15},"end":{"line":11,"column":32}},"11":{"start":{"line":12,"column":17},"end":{"line":12,"column":44}},"12":{"start":{"line":13,"column":20},"end":{"line":13,"column":45}},"13":{"start":{"line":16,"column":4},"end":{"line":16,"column":23}},"14":{"start":{"line":19,"column":21},"end":{"line":19,"column":23}},"15":{"start":{"line":20,"column":21},"end":{"line":20,"column":23}},"16":{"start":{"line":21,"column":0},"end":{"line":27,"column":3}},"17":{"start":{"line":22,"column":24},"end":{"line":22,"column":59}},"18":{"start":{"line":23,"column":4},"end":{"line":23,"column":35}},"19":{"start":{"line":24,"column":4},"end":{"line":26,"column":6}},"20":{"start":{"line":30,"column":24},"end":{"line":36,"column":1}},"21":{"start":{"line":38,"column":22},"end":{"line":38,"column":30}},"22":{"start":{"line":43,"column":17},"end":{"line":45,"column":1}},"23":{"start":{"line":44,"column":4},"end":{"line":44,"column":29}},"24":{"start":{"line":48,"column":18},"end":{"line":50,"column":1}},"25":{"start":{"line":49,"column":4},"end":{"line":49,"column":32}},"26":{"start":{"line":52,"column":22},"end":{"line":61,"column":1}},"27":{"start":{"line":53,"column":4},"end":{"line":59,"column":5}},"28":{"start":{"line":54,"column":8},"end":{"line":58,"column":9}},"29":{"start":{"line":55,"column":12},"end":{"line":57,"column":13}},"30":{"start":{"line":56,"column":16},"end":{"line":56,"column":34}},"31":{"start":{"line":60,"column":4},"end":{"line":60,"column":17}},"32":{"start":{"line":63,"column":21},"end":{"line":73,"column":1}},"33":{"start":{"line":64,"column":4},"end":{"line":72,"column":5}},"34":{"start":{"line":65,"column":8},"end":{"line":69,"column":9}},"35":{"start":{"line":66,"column":12},"end":{"line":66,"column":35}},"36":{"start":{"line":68,"column":12},"end":{"line":68,"column":25}},"37":{"start":{"line":71,"column":8},"end":{"line":71,"column":21}},"38":{"start":{"line":75,"column":21},"end":{"line":83,"column":1}},"39":{"start":{"line":76,"column":4},"end":{"line":78,"column":5}},"40":{"start":{"line":77,"column":8},"end":{"line":77,"column":20}},"41":{"start":{"line":79,"column":4},"end":{"line":81,"column":5}},"42":{"start":{"line":80,"column":8},"end":{"line":80,"column":20}},"43":{"start":{"line":82,"column":4},"end":{"line":82,"column":17}},"44":{"start":{"line":85,"column":20},"end":{"line":90,"column":1}},"45":{"start":{"line":86,"column":4},"end":{"line":88,"column":5}},"46":{"start":{"line":87,"column":8},"end":{"line":87,"column":20}},"47":{"start":{"line":89,"column":4},"end":{"line":89,"column":17}},"48":{"start":{"line":93,"column":27},"end":{"line":119,"column":1}},"49":{"start":{"line":94,"column":15},"end":{"line":94,"column":25}},"50":{"start":{"line":96,"column":19},"end":{"line":96,"column":30}},"51":{"start":{"line":97,"column":21},"end":{"line":97,"column":35}},"52":{"start":{"line":99,"column":4},"end":{"line":118,"column":7}},"53":{"start":{"line":100,"column":22},"end":{"line":100,"column":24}},"54":{"start":{"line":101,"column":8},"end":{"line":103,"column":9}},"55":{"start":{"line":102,"column":12},"end":{"line":102,"column":28}},"56":{"start":{"line":104,"column":8},"end":{"line":117,"column":11}},"57":{"start":{"line":105,"column":25},"end":{"line":105,"column":27}},"58":{"start":{"line":106,"column":22},"end":{"line":106,"column":30}},"59":{"start":{"line":107,"column":12},"end":{"line":109,"column":13}},"60":{"start":{"line":108,"column":16},"end":{"line":108,"column":44}},"61":{"start":{"line":110,"column":12},"end":{"line":110,"column":52}},"62":{"start":{"line":111,"column":12},"end":{"line":111,"column":39}},"63":{"start":{"line":112,"column":12},"end":{"line":112,"column":32}},"64":{"start":{"line":113,"column":12},"end":{"line":113,"column":29}},"65":{"start":{"line":114,"column":12},"end":{"line":114,"column":34}},"66":{"start":{"line":116,"column":12},"end":{"line":116,"column":28}},"67":{"start":{"line":121,"column":26},"end":{"line":128,"column":1}},"68":{"start":{"line":123,"column":4},"end":{"line":126,"column":5}},"69":{"start":{"line":124,"column":8},"end":{"line":124,"column":35}},"70":{"start":{"line":125,"column":8},"end":{"line":125,"column":35}},"71":{"start":{"line":127,"column":4},"end":{"line":127,"column":16}},"72":{"start":{"line":130,"column":27},"end":{"line":140,"column":1}},"73":{"start":{"line":131,"column":4},"end":{"line":139,"column":5}},"74":{"start":{"line":132,"column":8},"end":{"line":132,"column":31}},"75":{"start":{"line":134,"column":8},"end":{"line":138,"column":9}},"76":{"start":{"line":135,"column":12},"end":{"line":135,"column":36}},"77":{"start":{"line":137,"column":11},"end":{"line":137,"column":34}},"78":{"start":{"line":142,"column":18},"end":{"line":144,"column":1}},"79":{"start":{"line":143,"column":4},"end":{"line":143,"column":181}},"80":{"start":{"line":143,"column":89},"end":{"line":143,"column":179}},"81":{"start":{"line":146,"column":18},"end":{"line":195,"column":1}},"82":{"start":{"line":147,"column":15},"end":{"line":147,"column":25}},"83":{"start":{"line":149,"column":20},"end":{"line":149,"column":65}},"84":{"start":{"line":150,"column":4},"end":{"line":152,"column":5}},"85":{"start":{"line":151,"column":8},"end":{"line":151,"column":18}},"86":{"start":{"line":155,"column":18},"end":{"line":155,"column":98}},"87":{"start":{"line":158,"column":4},"end":{"line":158,"column":17}},"88":{"start":{"line":161,"column":21},"end":{"line":161,"column":23}},"89":{"start":{"line":164,"column":4},"end":{"line":178,"column":5}},"90":{"start":{"line":164,"column":16},"end":{"line":164,"column":17}},"91":{"start":{"line":166,"column":8},"end":{"line":177,"column":9}},"92":{"start":{"line":168,"column":25},"end":{"line":171,"column":13}},"93":{"start":{"line":172,"column":12},"end":{"line":174,"column":13}},"94":{"start":{"line":173,"column":16},"end":{"line":173,"column":41}},"95":{"start":{"line":176,"column":12},"end":{"line":176,"column":32}},"96":{"start":{"line":181,"column":4},"end":{"line":192,"column":5}},"97":{"start":{"line":182,"column":8},"end":{"line":191,"column":9}},"98":{"start":{"line":182,"column":20},"end":{"line":182,"column":21}},"99":{"start":{"line":183,"column":25},"end":{"line":186,"column":13}},"100":{"start":{"line":187,"column":12},"end":{"line":189,"column":13}},"101":{"start":{"line":188,"column":16},"end":{"line":188,"column":41}},"102":{"start":{"line":190,"column":12},"end":{"line":190,"column":32}},"103":{"start":{"line":194,"column":4},"end":{"line":194,"column":20}},"104":{"start":{"line":197,"column":25},"end":{"line":214,"column":1}},"105":{"start":{"line":198,"column":19},"end":{"line":198,"column":30}},"106":{"start":{"line":200,"column":21},"end":{"line":200,"column":99}},"107":{"start":{"line":202,"column":4},"end":{"line":202,"column":31}},"108":{"start":{"line":203,"column":4},"end":{"line":203,"column":39}},"109":{"start":{"line":204,"column":4},"end":{"line":204,"column":45}},"110":{"start":{"line":205,"column":4},"end":{"line":209,"column":5}},"111":{"start":{"line":206,"column":8},"end":{"line":206,"column":53}},"112":{"start":{"line":208,"column":8},"end":{"line":208,"column":52}},"113":{"start":{"line":210,"column":4},"end":{"line":210,"column":104}},"114":{"start":{"line":211,"column":4},"end":{"line":211,"column":53}},"115":{"start":{"line":213,"column":4},"end":{"line":213,"column":20}},"116":{"start":{"line":216,"column":18},"end":{"line":249,"column":1}},"117":{"start":{"line":217,"column":19},"end":{"line":217,"column":30}},"118":{"start":{"line":219,"column":26},"end":{"line":227,"column":5}},"119":{"start":{"line":230,"column":4},"end":{"line":232,"column":5}},"120":{"start":{"line":231,"column":8},"end":{"line":231,"column":49}},"121":{"start":{"line":234,"column":24},"end":{"line":234,"column":65}},"122":{"start":{"line":236,"column":24},"end":{"line":241,"column":5}},"123":{"start":{"line":243,"column":4},"end":{"line":248,"column":7}},"124":{"start":{"line":244,"column":8},"end":{"line":246,"column":9}},"125":{"start":{"line":245,"column":12},"end":{"line":245,"column":52}},"126":{"start":{"line":247,"column":8},"end":{"line":247,"column":20}},"127":{"start":{"line":252,"column":14},"end":{"line":259,"column":1}},"128":{"start":{"line":253,"column":4},"end":{"line":257,"column":5}},"129":{"start":{"line":254,"column":8},"end":{"line":256,"column":9}},"130":{"start":{"line":255,"column":12},"end":{"line":255,"column":22}},"131":{"start":{"line":258,"column":4},"end":{"line":258,"column":24}},"132":{"start":{"line":261,"column":14},"end":{"line":263,"column":1}},"133":{"start":{"line":262,"column":4},"end":{"line":262,"column":26}},"134":{"start":{"line":265,"column":15},"end":{"line":277,"column":1}},"135":{"start":{"line":266,"column":19},"end":{"line":266,"column":30}},"136":{"start":{"line":268,"column":4},"end":{"line":276,"column":7}},"137":{"start":{"line":270,"column":8},"end":{"line":272,"column":9}},"138":{"start":{"line":271,"column":12},"end":{"line":271,"column":59}},"139":{"start":{"line":275,"column":8},"end":{"line":275,"column":48}},"140":{"start":{"line":279,"column":23},"end":{"line":281,"column":1}},"141":{"start":{"line":280,"column":4},"end":{"line":280,"column":24}},"142":{"start":{"line":283,"column":29},"end":{"line":285,"column":1}},"143":{"start":{"line":284,"column":4},"end":{"line":284,"column":30}},"144":{"start":{"line":287,"column":20},"end":{"line":292,"column":1}},"145":{"start":{"line":288,"column":4},"end":{"line":290,"column":5}},"146":{"start":{"line":289,"column":8},"end":{"line":289,"column":60}},"147":{"start":{"line":291,"column":4},"end":{"line":291,"column":18}},"148":{"start":{"line":294,"column":22},"end":{"line":308,"column":1}},"149":{"start":{"line":296,"column":4},"end":{"line":296,"column":39}},"150":{"start":{"line":297,"column":4},"end":{"line":297,"column":39}},"151":{"start":{"line":298,"column":4},"end":{"line":298,"column":37}},"152":{"start":{"line":299,"column":4},"end":{"line":299,"column":41}},"153":{"start":{"line":300,"column":4},"end":{"line":300,"column":40}},"154":{"start":{"line":301,"column":4},"end":{"line":301,"column":40}},"155":{"start":{"line":302,"column":4},"end":{"line":302,"column":40}},"156":{"start":{"line":303,"column":4},"end":{"line":303,"column":39}},"157":{"start":{"line":304,"column":4},"end":{"line":304,"column":37}},"158":{"start":{"line":305,"column":4},"end":{"line":305,"column":40}},"159":{"start":{"line":306,"column":4},"end":{"line":306,"column":37}},"160":{"start":{"line":307,"column":4},"end":{"line":307,"column":36}},"161":{"start":{"line":310,"column":0},"end":{"line":333,"column":2}}},"fnMap":{"0":{"name":"(anonymous_0)","decl":{"start":{"line":21,"column":43},"end":{"line":21,"column":44}},"loc":{"start":{"line":21,"column":56},"end":{"line":27,"column":1}},"line":21},"1":{"name":"(anonymous_1)","decl":{"start":{"line":43,"column":17},"end":{"line":43,"column":18}},"loc":{"start":{"line":43,"column":29},"end":{"line":45,"column":1}},"line":43},"2":{"name":"(anonymous_2)","decl":{"start":{"line":48,"column":18},"end":{"line":48,"column":19}},"loc":{"start":{"line":48,"column":30},"end":{"line":50,"column":1}},"line":48},"3":{"name":"(anonymous_3)","decl":{"start":{"line":52,"column":22},"end":{"line":52,"column":23}},"loc":{"start":{"line":52,"column":33},"end":{"line":61,"column":1}},"line":52},"4":{"name":"(anonymous_4)","decl":{"start":{"line":63,"column":21},"end":{"line":63,"column":22}},"loc":{"start":{"line":63,"column":32},"end":{"line":73,"column":1}},"line":63},"5":{"name":"(anonymous_5)","decl":{"start":{"line":75,"column":21},"end":{"line":75,"column":22}},"loc":{"start":{"line":75,"column":32},"end":{"line":83,"column":1}},"line":75},"6":{"name":"(anonymous_6)","decl":{"start":{"line":85,"column":20},"end":{"line":85,"column":21}},"loc":{"start":{"line":85,"column":31},"end":{"line":90,"column":1}},"line":85},"7":{"name":"(anonymous_7)","decl":{"start":{"line":93,"column":27},"end":{"line":93,"column":28}},"loc":{"start":{"line":93,"column":45},"end":{"line":119,"column":1}},"line":93},"8":{"name":"(anonymous_8)","decl":{"start":{"line":99,"column":57},"end":{"line":99,"column":58}},"loc":{"start":{"line":99,"column":76},"end":{"line":118,"column":5}},"line":99},"9":{"name":"(anonymous_9)","decl":{"start":{"line":104,"column":35},"end":{"line":104,"column":36}},"loc":{"start":{"line":104,"column":55},"end":{"line":115,"column":9}},"line":104},"10":{"name":"(anonymous_10)","decl":{"start":{"line":115,"column":11},"end":{"line":115,"column":12}},"loc":{"start":{"line":115,"column":17},"end":{"line":117,"column":9}},"line":115},"11":{"name":"(anonymous_11)","decl":{"start":{"line":121,"column":26},"end":{"line":121,"column":27}},"loc":{"start":{"line":121,"column":51},"end":{"line":128,"column":1}},"line":121},"12":{"name":"(anonymous_12)","decl":{"start":{"line":130,"column":27},"end":{"line":130,"column":28}},"loc":{"start":{"line":130,"column":42},"end":{"line":140,"column":1}},"line":130},"13":{"name":"(anonymous_13)","decl":{"start":{"line":142,"column":18},"end":{"line":142,"column":19}},"loc":{"start":{"line":142,"column":24},"end":{"line":144,"column":1}},"line":142},"14":{"name":"(anonymous_14)","decl":{"start":{"line":143,"column":81},"end":{"line":143,"column":82}},"loc":{"start":{"line":143,"column":89},"end":{"line":143,"column":179}},"line":143},"15":{"name":"(anonymous_15)","decl":{"start":{"line":146,"column":18},"end":{"line":146,"column":19}},"loc":{"start":{"line":146,"column":52},"end":{"line":195,"column":1}},"line":146},"16":{"name":"(anonymous_16)","decl":{"start":{"line":197,"column":25},"end":{"line":197,"column":26}},"loc":{"start":{"line":197,"column":37},"end":{"line":214,"column":1}},"line":197},"17":{"name":"(anonymous_17)","decl":{"start":{"line":216,"column":18},"end":{"line":216,"column":19}},"loc":{"start":{"line":216,"column":41},"end":{"line":249,"column":1}},"line":216},"18":{"name":"(anonymous_18)","decl":{"start":{"line":243,"column":38},"end":{"line":243,"column":39}},"loc":{"start":{"line":243,"column":55},"end":{"line":248,"column":5}},"line":243},"19":{"name":"(anonymous_19)","decl":{"start":{"line":252,"column":14},"end":{"line":252,"column":15}},"loc":{"start":{"line":252,"column":22},"end":{"line":259,"column":1}},"line":252},"20":{"name":"(anonymous_20)","decl":{"start":{"line":261,"column":14},"end":{"line":261,"column":15}},"loc":{"start":{"line":261,"column":20},"end":{"line":263,"column":1}},"line":261},"21":{"name":"(anonymous_21)","decl":{"start":{"line":265,"column":15},"end":{"line":265,"column":16}},"loc":{"start":{"line":265,"column":26},"end":{"line":277,"column":1}},"line":265},"22":{"name":"(anonymous_22)","decl":{"start":{"line":269,"column":10},"end":{"line":269,"column":11}},"loc":{"start":{"line":269,"column":24},"end":{"line":273,"column":5}},"line":269},"23":{"name":"(anonymous_23)","decl":{"start":{"line":274,"column":11},"end":{"line":274,"column":12}},"loc":{"start":{"line":274,"column":20},"end":{"line":276,"column":5}},"line":274},"24":{"name":"(anonymous_24)","decl":{"start":{"line":279,"column":23},"end":{"line":279,"column":24}},"loc":{"start":{"line":279,"column":29},"end":{"line":281,"column":1}},"line":279},"25":{"name":"(anonymous_25)","decl":{"start":{"line":283,"column":29},"end":{"line":283,"column":30}},"loc":{"start":{"line":283,"column":39},"end":{"line":285,"column":1}},"line":283},"26":{"name":"(anonymous_26)","decl":{"start":{"line":287,"column":20},"end":{"line":287,"column":21}},"loc":{"start":{"line":287,"column":32},"end":{"line":292,"column":1}},"line":287},"27":{"name":"(anonymous_27)","decl":{"start":{"line":294,"column":22},"end":{"line":294,"column":23}},"loc":{"start":{"line":294,"column":31},"end":{"line":308,"column":1}},"line":294}},"branchMap":{"0":{"loc":{"start":{"line":53,"column":4},"end":{"line":59,"column":5}},"type":"if","locations":[{"start":{"line":53,"column":4},"end":{"line":59,"column":5}},{"start":{},"end":{}}],"line":53},"1":{"loc":{"start":{"line":55,"column":12},"end":{"line":57,"column":13}},"type":"if","locations":[{"start":{"line":55,"column":12},"end":{"line":57,"column":13}},{"start":{},"end":{}}],"line":55},"2":{"loc":{"start":{"line":64,"column":4},"end":{"line":72,"column":5}},"type":"if","locations":[{"start":{"line":64,"column":4},"end":{"line":72,"column":5}},{"start":{"line":70,"column":9},"end":{"line":72,"column":5}}],"line":64},"3":{"loc":{"start":{"line":76,"column":4},"end":{"line":78,"column":5}},"type":"if","locations":[{"start":{"line":76,"column":4},"end":{"line":78,"column":5}},{"start":{},"end":{}}],"line":76},"4":{"loc":{"start":{"line":76,"column":7},"end":{"line":76,"column":30}},"type":"binary-expr","locations":[{"start":{"line":76,"column":7},"end":{"line":76,"column":12}},{"start":{"line":76,"column":16},"end":{"line":76,"column":30}}],"line":76},"5":{"loc":{"start":{"line":79,"column":4},"end":{"line":81,"column":5}},"type":"if","locations":[{"start":{"line":79,"column":4},"end":{"line":81,"column":5}},{"start":{},"end":{}}],"line":79},"6":{"loc":{"start":{"line":79,"column":7},"end":{"line":79,"column":32}},"type":"binary-expr","locations":[{"start":{"line":79,"column":7},"end":{"line":79,"column":12}},{"start":{"line":79,"column":16},"end":{"line":79,"column":32}}],"line":79},"7":{"loc":{"start":{"line":86,"column":4},"end":{"line":88,"column":5}},"type":"if","locations":[{"start":{"line":86,"column":4},"end":{"line":88,"column":5}},{"start":{},"end":{}}],"line":86},"8":{"loc":{"start":{"line":86,"column":7},"end":{"line":86,"column":41}},"type":"binary-expr","locations":[{"start":{"line":86,"column":7},"end":{"line":86,"column":23}},{"start":{"line":86,"column":27},"end":{"line":86,"column":41}}],"line":86},"9":{"loc":{"start":{"line":101,"column":8},"end":{"line":103,"column":9}},"type":"if","locations":[{"start":{"line":101,"column":8},"end":{"line":103,"column":9}},{"start":{},"end":{}}],"line":101},"10":{"loc":{"start":{"line":107,"column":12},"end":{"line":109,"column":13}},"type":"if","locations":[{"start":{"line":107,"column":12},"end":{"line":109,"column":13}},{"start":{},"end":{}}],"line":107},"11":{"loc":{"start":{"line":123,"column":4},"end":{"line":126,"column":5}},"type":"if","locations":[{"start":{"line":123,"column":4},"end":{"line":126,"column":5}},{"start":{},"end":{}}],"line":123},"12":{"loc":{"start":{"line":150,"column":4},"end":{"line":152,"column":5}},"type":"if","locations":[{"start":{"line":150,"column":4},"end":{"line":152,"column":5}},{"start":{},"end":{}}],"line":150},"13":{"loc":{"start":{"line":166,"column":8},"end":{"line":177,"column":9}},"type":"if","locations":[{"start":{"line":166,"column":8},"end":{"line":177,"column":9}},{"start":{},"end":{}}],"line":166},"14":{"loc":{"start":{"line":172,"column":12},"end":{"line":174,"column":13}},"type":"if","locations":[{"start":{"line":172,"column":12},"end":{"line":174,"column":13}},{"start":{},"end":{}}],"line":172},"15":{"loc":{"start":{"line":181,"column":4},"end":{"line":192,"column":5}},"type":"if","locations":[{"start":{"line":181,"column":4},"end":{"line":192,"column":5}},{"start":{},"end":{}}],"line":181},"16":{"loc":{"start":{"line":187,"column":12},"end":{"line":189,"column":13}},"type":"if","locations":[{"start":{"line":187,"column":12},"end":{"line":189,"column":13}},{"start":{},"end":{}}],"line":187},"17":{"loc":{"start":{"line":205,"column":4},"end":{"line":209,"column":5}},"type":"if","locations":[{"start":{"line":205,"column":4},"end":{"line":209,"column":5}},{"start":{"line":207,"column":9},"end":{"line":209,"column":5}}],"line":205},"18":{"loc":{"start":{"line":230,"column":4},"end":{"line":232,"column":5}},"type":"if","locations":[{"start":{"line":230,"column":4},"end":{"line":232,"column":5}},{"start":{},"end":{}}],"line":230},"19":{"loc":{"start":{"line":244,"column":8},"end":{"line":246,"column":9}},"type":"if","locations":[{"start":{"line":244,"column":8},"end":{"line":246,"column":9}},{"start":{},"end":{}}],"line":244},"20":{"loc":{"start":{"line":253,"column":4},"end":{"line":257,"column":5}},"type":"if","locations":[{"start":{"line":253,"column":4},"end":{"line":257,"column":5}},{"start":{},"end":{}}],"line":253},"21":{"loc":{"start":{"line":254,"column":8},"end":{"line":256,"column":9}},"type":"if","locations":[{"start":{"line":254,"column":8},"end":{"line":256,"column":9}},{"start":{},"end":{}}],"line":254},"22":{"loc":{"start":{"line":270,"column":8},"end":{"line":272,"column":9}},"type":"if","locations":[{"start":{"line":270,"column":8},"end":{"line":272,"column":9}},{"start":{},"end":{}}],"line":270},"23":{"loc":{"start":{"line":288,"column":4},"end":{"line":290,"column":5}},"type":"if","locations":[{"start":{"line":288,"column":4},"end":{"line":290,"column":5}},{"start":{},"end":{}}],"line":288}},"s":{"0":1,"1":1,"2":1,"3":1,"4":1,"5":1,"6":1,"7":1,"8":1,"9":1,"10":1,"11":1,"12":1,"13":1,"14":1,"15":1,"16":1,"17":250,"18":250,"19":250,"20":1,"21":1,"22":1,"23":1,"24":1,"25":1,"26":1,"27":1,"28":1,"29":2,"30":1,"31":1,"32":1,"33":3,"34":2,"35":2,"36":0,"37":1,"38":1,"39":4,"40":1,"41":3,"42":1,"43":2,"44":1,"45":3,"46":1,"47":2,"48":1,"49":1,"50":1,"51":1,"52":1,"53":0,"54":0,"55":0,"56":0,"57":0,"58":0,"59":0,"60":0,"61":0,"62":0,"63":0,"64":0,"65":0,"66":0,"67":1,"68":2,"69":1,"70":1,"71":2,"72":1,"73":0,"74":0,"75":0,"76":0,"77":0,"78":1,"79":1,"80":1,"81":1,"82":0,"83":0,"84":0,"85":0,"86":0,"87":0,"88":0,"89":0,"90":0,"91":0,"92":0,"93":0,"94":0,"95":0,"96":0,"97":0,"98":0,"99":0,"100":0,"101":0,"102":0,"103":0,"104":1,"105":0,"106":0,"107":0,"108":0,"109":0,"110":0,"111":0,"112":0,"113":0,"114":0,"115":0,"116":1,"117":0,"118":0,"119":0,"120":0,"121":0,"122":0,"123":0,"124":0,"125":0,"126":0,"127":1,"128":1,"129":1,"130":0,"131":1,"132":1,"133":1,"134":1,"135":1,"136":1,"137":1,"138":1,"139":0,"140":1,"141":1,"142":1,"143":2,"144":1,"145":2,"146":1,"147":1,"148":1,"149":1,"150":1,"151":1,"152":1,"153":1,"154":1,"155":1,"156":1,"157":1,"158":1,"159":1,"160":1,"161":1},"f":{"0":250,"1":1,"2":1,"3":1,"4":3,"5":4,"6":3,"7":1,"8":0,"9":0,"10":0,"11":2,"12":0,"13":1,"14":1,"15":0,"16":0,"17":0,"18":0,"19":1,"20":1,"21":1,"22":1,"23":0,"24":1,"25":2,"26":2,"27":1},"b":{"0":[1,0],"1":[1,1],"2":[2,1],"3":[1,3],"4":[4,3],"5":[1,2],"6":[3,2],"7":[1,2],"8":[3,2],"9":[0,0],"10":[0,0],"11":[1,1],"12":[0,0],"13":[0,0],"14":[0,0],"15":[0,0],"16":[0,0],"17":[0,0],"18":[0,0],"19":[0,0],"20":[1,0],"21":[0,1],"22":[1,0],"23":[1,1]},"_coverageSchema":"1a1c01bbd47fc00a2c39e90264f33305004495a9","hash":"163698c389aca4b49f1374647da6be8cf99ea400"}
,"C:\\Users\\atardecer\\Desktop\\pruebas de software\\expressCart\\lib\\config.js": {"path":"C:\\Users\\atardecer\\Desktop\\pruebas de software\\expressCart\\lib\\config.js","statementMap":{"0":{"start":{"line":1,"column":18},"end":{"line":1,"column":38}},"1":{"start":{"line":2,"column":15},"end":{"line":2,"column":55}},"2":{"start":{"line":3,"column":11},"end":{"line":3,"column":24}},"3":{"start":{"line":4,"column":13},"end":{"line":4,"column":28}},"4":{"start":{"line":5,"column":10},"end":{"line":5,"column":27}},"5":{"start":{"line":7,"column":18},"end":{"line":54,"column":1}},"6":{"start":{"line":8,"column":17},"end":{"line":8,"column":104}},"7":{"start":{"line":9,"column":32},"end":{"line":9,"column":88}},"8":{"start":{"line":12,"column":4},"end":{"line":15,"column":5}},"9":{"start":{"line":13,"column":32},"end":{"line":13,"column":88}},"10":{"start":{"line":14,"column":8},"end":{"line":14,"column":56}},"11":{"start":{"line":18,"column":4},"end":{"line":22,"column":7}},"12":{"start":{"line":19,"column":8},"end":{"line":21,"column":9}},"13":{"start":{"line":20,"column":12},"end":{"line":20,"column":55}},"14":{"start":{"line":24,"column":4},"end":{"line":24,"column":104}},"15":{"start":{"line":25,"column":4},"end":{"line":25,"column":107}},"16":{"start":{"line":26,"column":4},"end":{"line":26,"column":122}},"17":{"start":{"line":29,"column":4},"end":{"line":29,"column":27}},"18":{"start":{"line":30,"column":4},"end":{"line":32,"column":5}},"19":{"start":{"line":31,"column":8},"end":{"line":31,"column":31}},"20":{"start":{"line":34,"column":4},"end":{"line":34,"column":59}},"21":{"start":{"line":37,"column":4},"end":{"line":37,"column":24}},"22":{"start":{"line":38,"column":4},"end":{"line":40,"column":5}},"23":{"start":{"line":39,"column":8},"end":{"line":39,"column":24}},"24":{"start":{"line":43,"column":4},"end":{"line":51,"column":5}},"25":{"start":{"line":44,"column":8},"end":{"line":44,"column":35}},"26":{"start":{"line":45,"column":8},"end":{"line":47,"column":11}},"27":{"start":{"line":46,"column":12},"end":{"line":46,"column":93}},"28":{"start":{"line":49,"column":8},"end":{"line":49,"column":70}},"29":{"start":{"line":50,"column":8},"end":{"line":50,"column":24}},"30":{"start":{"line":53,"column":4},"end":{"line":53,"column":18}},"31":{"start":{"line":56,"column":25},"end":{"line":81,"column":1}},"32":{"start":{"line":57,"column":23},"end":{"line":57,"column":34}},"33":{"start":{"line":60,"column":19},"end":{"line":60,"column":21}},"34":{"start":{"line":61,"column":4},"end":{"line":73,"column":7}},"35":{"start":{"line":62,"column":31},"end":{"line":62,"column":104}},"36":{"start":{"line":63,"column":8},"end":{"line":65,"column":9}},"37":{"start":{"line":64,"column":12},"end":{"line":64,"column":82}},"38":{"start":{"line":68,"column":8},"end":{"line":72,"column":11}},"39":{"start":{"line":69,"column":12},"end":{"line":71,"column":13}},"40":{"start":{"line":70,"column":16},"end":{"line":70,"column":77}},"41":{"start":{"line":76,"column":4},"end":{"line":78,"column":5}},"42":{"start":{"line":77,"column":8},"end":{"line":77,"column":31}},"43":{"start":{"line":80,"column":4},"end":{"line":80,"column":18}},"44":{"start":{"line":83,"column":21},"end":{"line":153,"column":1}},"45":{"start":{"line":84,"column":25},"end":{"line":84,"column":36}},"46":{"start":{"line":86,"column":4},"end":{"line":99,"column":7}},"47":{"start":{"line":87,"column":8},"end":{"line":87,"column":34}},"48":{"start":{"line":88,"column":8},"end":{"line":90,"column":9}},"49":{"start":{"line":89,"column":12},"end":{"line":89,"column":83}},"50":{"start":{"line":91,"column":8},"end":{"line":94,"column":9}},"51":{"start":{"line":92,"column":31},"end":{"line":92,"column":103}},"52":{"start":{"line":93,"column":12},"end":{"line":93,"column":49}},"53":{"start":{"line":95,"column":8},"end":{"line":98,"column":9}},"54":{"start":{"line":96,"column":36},"end":{"line":96,"column":92}},"55":{"start":{"line":97,"column":12},"end":{"line":97,"column":59}},"56":{"start":{"line":102,"column":4},"end":{"line":102,"column":40}},"57":{"start":{"line":103,"column":4},"end":{"line":103,"column":41}},"58":{"start":{"line":104,"column":4},"end":{"line":104,"column":46}},"59":{"start":{"line":106,"column":4},"end":{"line":110,"column":5}},"60":{"start":{"line":107,"column":8},"end":{"line":107,"column":40}},"61":{"start":{"line":109,"column":8},"end":{"line":109,"column":41}},"62":{"start":{"line":112,"column":4},"end":{"line":114,"column":5}},"63":{"start":{"line":113,"column":8},"end":{"line":113,"column":60}},"64":{"start":{"line":116,"column":4},"end":{"line":118,"column":5}},"65":{"start":{"line":117,"column":8},"end":{"line":117,"column":70}},"66":{"start":{"line":120,"column":4},"end":{"line":122,"column":5}},"67":{"start":{"line":121,"column":8},"end":{"line":121,"column":72}},"68":{"start":{"line":126,"column":30},"end":{"line":126,"column":86}},"69":{"start":{"line":127,"column":4},"end":{"line":143,"column":5}},"70":{"start":{"line":128,"column":30},"end":{"line":128,"column":76}},"71":{"start":{"line":129,"column":8},"end":{"line":136,"column":11}},"72":{"start":{"line":130,"column":12},"end":{"line":135,"column":13}},"73":{"start":{"line":131,"column":16},"end":{"line":131,"column":49}},"74":{"start":{"line":134,"column":16},"end":{"line":134,"column":41}},"75":{"start":{"line":138,"column":8},"end":{"line":142,"column":9}},"76":{"start":{"line":139,"column":12},"end":{"line":139,"column":88}},"77":{"start":{"line":141,"column":12},"end":{"line":141,"column":73}},"78":{"start":{"line":146,"column":29},"end":{"line":146,"column":79}},"79":{"start":{"line":147,"column":4},"end":{"line":152,"column":5}},"80":{"start":{"line":148,"column":8},"end":{"line":148,"column":82}},"81":{"start":{"line":149,"column":8},"end":{"line":149,"column":20}},"82":{"start":{"line":151,"column":8},"end":{"line":151,"column":21}},"83":{"start":{"line":155,"column":26},"end":{"line":167,"column":1}},"84":{"start":{"line":156,"column":30},"end":{"line":156,"column":86}},"85":{"start":{"line":157,"column":4},"end":{"line":166,"column":5}},"86":{"start":{"line":158,"column":28},"end":{"line":158,"column":30}},"87":{"start":{"line":159,"column":8},"end":{"line":161,"column":9}},"88":{"start":{"line":160,"column":12},"end":{"line":160,"column":75}},"89":{"start":{"line":162,"column":8},"end":{"line":162,"column":44}},"90":{"start":{"line":163,"column":8},"end":{"line":163,"column":84}},"91":{"start":{"line":165,"column":8},"end":{"line":165,"column":69}},"92":{"start":{"line":169,"column":0},"end":{"line":174,"column":2}}},"fnMap":{"0":{"name":"(anonymous_0)","decl":{"start":{"line":7,"column":18},"end":{"line":7,"column":19}},"loc":{"start":{"line":7,"column":24},"end":{"line":54,"column":1}},"line":7},"1":{"name":"(anonymous_1)","decl":{"start":{"line":18,"column":32},"end":{"line":18,"column":33}},"loc":{"start":{"line":18,"column":47},"end":{"line":22,"column":5}},"line":18},"2":{"name":"(anonymous_2)","decl":{"start":{"line":45,"column":52},"end":{"line":45,"column":53}},"loc":{"start":{"line":45,"column":61},"end":{"line":47,"column":9}},"line":45},"3":{"name":"(anonymous_3)","decl":{"start":{"line":56,"column":25},"end":{"line":56,"column":26}},"loc":{"start":{"line":56,"column":38},"end":{"line":81,"column":1}},"line":56},"4":{"name":"(anonymous_4)","decl":{"start":{"line":61,"column":41},"end":{"line":61,"column":42}},"loc":{"start":{"line":61,"column":54},"end":{"line":73,"column":5}},"line":61},"5":{"name":"(anonymous_5)","decl":{"start":{"line":68,"column":45},"end":{"line":68,"column":46}},"loc":{"start":{"line":68,"column":60},"end":{"line":72,"column":9}},"line":68},"6":{"name":"(anonymous_6)","decl":{"start":{"line":83,"column":21},"end":{"line":83,"column":22}},"loc":{"start":{"line":83,"column":33},"end":{"line":153,"column":1}},"line":83},"7":{"name":"(anonymous_7)","decl":{"start":{"line":86,"column":22},"end":{"line":86,"column":23}},"loc":{"start":{"line":86,"column":38},"end":{"line":99,"column":5}},"line":86},"8":{"name":"(anonymous_8)","decl":{"start":{"line":129,"column":33},"end":{"line":129,"column":34}},"loc":{"start":{"line":129,"column":49},"end":{"line":136,"column":9}},"line":129},"9":{"name":"(anonymous_9)","decl":{"start":{"line":155,"column":26},"end":{"line":155,"column":27}},"loc":{"start":{"line":155,"column":37},"end":{"line":167,"column":1}},"line":155}},"branchMap":{"0":{"loc":{"start":{"line":12,"column":4},"end":{"line":15,"column":5}},"type":"if","locations":[{"start":{"line":12,"column":4},"end":{"line":15,"column":5}},{"start":{},"end":{}}],"line":12},"1":{"loc":{"start":{"line":19,"column":8},"end":{"line":21,"column":9}},"type":"if","locations":[{"start":{"line":19,"column":8},"end":{"line":21,"column":9}},{"start":{},"end":{}}],"line":19},"2":{"loc":{"start":{"line":24,"column":23},"end":{"line":24,"column":103}},"type":"cond-expr","locations":[{"start":{"line":24,"column":65},"end":{"line":24,"column":96}},{"start":{"line":24,"column":99},"end":{"line":24,"column":103}}],"line":24},"3":{"loc":{"start":{"line":25,"column":24},"end":{"line":25,"column":106}},"type":"cond-expr","locations":[{"start":{"line":25,"column":67},"end":{"line":25,"column":99}},{"start":{"line":25,"column":102},"end":{"line":25,"column":106}}],"line":25},"4":{"loc":{"start":{"line":26,"column":29},"end":{"line":26,"column":121}},"type":"cond-expr","locations":[{"start":{"line":26,"column":77},"end":{"line":26,"column":114}},{"start":{"line":26,"column":117},"end":{"line":26,"column":121}}],"line":26},"5":{"loc":{"start":{"line":30,"column":4},"end":{"line":32,"column":5}},"type":"if","locations":[{"start":{"line":30,"column":4},"end":{"line":32,"column":5}},{"start":{},"end":{}}],"line":30},"6":{"loc":{"start":{"line":30,"column":7},"end":{"line":30,"column":65}},"type":"binary-expr","locations":[{"start":{"line":30,"column":7},"end":{"line":30,"column":42}},{"start":{"line":30,"column":46},"end":{"line":30,"column":65}}],"line":30},"7":{"loc":{"start":{"line":38,"column":4},"end":{"line":40,"column":5}},"type":"if","locations":[{"start":{"line":38,"column":4},"end":{"line":40,"column":5}},{"start":{},"end":{}}],"line":38},"8":{"loc":{"start":{"line":38,"column":7},"end":{"line":38,"column":83}},"type":"binary-expr","locations":[{"start":{"line":38,"column":7},"end":{"line":38,"column":45}},{"start":{"line":38,"column":49},"end":{"line":38,"column":83}}],"line":38},"9":{"loc":{"start":{"line":63,"column":8},"end":{"line":65,"column":9}},"type":"if","locations":[{"start":{"line":63,"column":8},"end":{"line":65,"column":9}},{"start":{},"end":{}}],"line":63},"10":{"loc":{"start":{"line":69,"column":12},"end":{"line":71,"column":13}},"type":"if","locations":[{"start":{"line":69,"column":12},"end":{"line":71,"column":13}},{"start":{},"end":{}}],"line":69},"11":{"loc":{"start":{"line":69,"column":15},"end":{"line":69,"column":70}},"type":"binary-expr","locations":[{"start":{"line":69,"column":15},"end":{"line":69,"column":35}},{"start":{"line":69,"column":39},"end":{"line":69,"column":70}}],"line":69},"12":{"loc":{"start":{"line":76,"column":4},"end":{"line":78,"column":5}},"type":"if","locations":[{"start":{"line":76,"column":4},"end":{"line":78,"column":5}},{"start":{},"end":{}}],"line":76},"13":{"loc":{"start":{"line":76,"column":7},"end":{"line":76,"column":33}},"type":"binary-expr","locations":[{"start":{"line":76,"column":7},"end":{"line":76,"column":14}},{"start":{"line":76,"column":18},"end":{"line":76,"column":33}}],"line":76},"14":{"loc":{"start":{"line":88,"column":8},"end":{"line":90,"column":9}},"type":"if","locations":[{"start":{"line":88,"column":8},"end":{"line":90,"column":9}},{"start":{},"end":{}}],"line":88},"15":{"loc":{"start":{"line":91,"column":8},"end":{"line":94,"column":9}},"type":"if","locations":[{"start":{"line":91,"column":8},"end":{"line":94,"column":9}},{"start":{},"end":{}}],"line":91},"16":{"loc":{"start":{"line":92,"column":31},"end":{"line":92,"column":103}},"type":"cond-expr","locations":[{"start":{"line":92,"column":78},"end":{"line":92,"column":98}},{"start":{"line":92,"column":101},"end":{"line":92,"column":103}}],"line":92},"17":{"loc":{"start":{"line":92,"column":31},"end":{"line":92,"column":75}},"type":"binary-expr","locations":[{"start":{"line":92,"column":31},"end":{"line":92,"column":59}},{"start":{"line":92,"column":63},"end":{"line":92,"column":75}}],"line":92},"18":{"loc":{"start":{"line":95,"column":8},"end":{"line":98,"column":9}},"type":"if","locations":[{"start":{"line":95,"column":8},"end":{"line":98,"column":9}},{"start":{},"end":{}}],"line":95},"19":{"loc":{"start":{"line":96,"column":36},"end":{"line":96,"column":92}},"type":"cond-expr","locations":[{"start":{"line":96,"column":67},"end":{"line":96,"column":87}},{"start":{"line":96,"column":90},"end":{"line":96,"column":92}}],"line":96},"20":{"loc":{"start":{"line":106,"column":4},"end":{"line":110,"column":5}},"type":"if","locations":[{"start":{"line":106,"column":4},"end":{"line":110,"column":5}},{"start":{"line":108,"column":9},"end":{"line":110,"column":5}}],"line":106},"21":{"loc":{"start":{"line":112,"column":4},"end":{"line":114,"column":5}},"type":"if","locations":[{"start":{"line":112,"column":4},"end":{"line":114,"column":5}},{"start":{},"end":{}}],"line":112},"22":{"loc":{"start":{"line":116,"column":4},"end":{"line":118,"column":5}},"type":"if","locations":[{"start":{"line":116,"column":4},"end":{"line":118,"column":5}},{"start":{},"end":{}}],"line":116},"23":{"loc":{"start":{"line":120,"column":4},"end":{"line":122,"column":5}},"type":"if","locations":[{"start":{"line":120,"column":4},"end":{"line":122,"column":5}},{"start":{},"end":{}}],"line":120},"24":{"loc":{"start":{"line":127,"column":4},"end":{"line":143,"column":5}},"type":"if","locations":[{"start":{"line":127,"column":4},"end":{"line":143,"column":5}},{"start":{},"end":{}}],"line":127},"25":{"loc":{"start":{"line":130,"column":12},"end":{"line":135,"column":13}},"type":"if","locations":[{"start":{"line":130,"column":12},"end":{"line":135,"column":13}},{"start":{},"end":{}}],"line":130},"26":{"loc":{"start":{"line":159,"column":8},"end":{"line":161,"column":9}},"type":"if","locations":[{"start":{"line":159,"column":8},"end":{"line":161,"column":9}},{"start":{},"end":{}}],"line":159}},"s":{"0":3,"1":3,"2":3,"3":3,"4":3,"5":3,"6":15,"7":15,"8":15,"9":10,"10":10,"11":15,"12":570,"13":0,"14":15,"15":15,"16":15,"17":15,"18":15,"19":0,"20":15,"21":15,"22":15,"23":0,"24":15,"25":15,"26":15,"27":45,"28":0,"29":0,"30":15,"31":3,"32":3,"33":3,"34":3,"35":3,"36":3,"37":3,"38":3,"39":24,"40":0,"41":3,"42":0,"43":3,"44":3,"45":3,"46":3,"47":15,"48":15,"49":2,"50":15,"51":2,"52":2,"53":15,"54":2,"55":2,"56":3,"57":3,"58":3,"59":3,"60":2,"61":1,"62":3,"63":2,"64":3,"65":2,"66":3,"67":2,"68":3,"69":3,"70":1,"71":1,"72":1,"73":0,"74":0,"75":1,"76":1,"77":0,"78":3,"79":3,"80":3,"81":3,"82":0,"83":3,"84":2,"85":2,"86":2,"87":2,"88":0,"89":2,"90":2,"91":0,"92":3},"f":{"0":15,"1":570,"2":45,"3":3,"4":3,"5":24,"6":3,"7":15,"8":1,"9":2},"b":{"0":[10,5],"1":[0,570],"2":[15,0],"3":[15,0],"4":[15,0],"5":[0,15],"6":[15,15],"7":[0,15],"8":[15,15],"9":[3,0],"10":[0,24],"11":[24,0],"12":[0,3],"13":[3,3],"14":[2,13],"15":[2,13],"16":[2,0],"17":[2,0],"18":[2,13],"19":[2,0],"20":[2,1],"21":[2,1],"22":[2,1],"23":[2,1],"24":[1,2],"25":[0,1],"26":[0,2]},"_coverageSchema":"1a1c01bbd47fc00a2c39e90264f33305004495a9","hash":"7fa2c96f9f2cefb9977d53e1605d3310156618a2"}
,"C:\\Users\\atardecer\\Desktop\\pruebas de software\\expressCart\\lib\\menu.js": {"path":"C:\\Users\\atardecer\\Desktop\\pruebas de software\\expressCart\\lib\\menu.js","statementMap":{"0":{"start":{"line":1,"column":10},"end":{"line":1,"column":27}},"1":{"start":{"line":3,"column":16},"end":{"line":5,"column":1}},"2":{"start":{"line":4,"column":4},"end":{"line":4,"column":31}},"3":{"start":{"line":8,"column":16},"end":{"line":33,"column":1}},"4":{"start":{"line":9,"column":15},"end":{"line":9,"column":25}},"5":{"start":{"line":10,"column":4},"end":{"line":32,"column":7}},"6":{"start":{"line":13,"column":8},"end":{"line":16,"column":9}},"7":{"start":{"line":14,"column":12},"end":{"line":14,"column":22}},"8":{"start":{"line":15,"column":12},"end":{"line":15,"column":28}},"9":{"start":{"line":17,"column":23},"end":{"line":21,"column":9}},"10":{"start":{"line":23,"column":8},"end":{"line":23,"column":32}},"11":{"start":{"line":24,"column":8},"end":{"line":27,"column":11}},"12":{"start":{"line":26,"column":12},"end":{"line":26,"column":24}},"13":{"start":{"line":30,"column":8},"end":{"line":30,"column":52}},"14":{"start":{"line":31,"column":8},"end":{"line":31,"column":21}},"15":{"start":{"line":36,"column":19},"end":{"line":50,"column":1}},"16":{"start":{"line":37,"column":15},"end":{"line":37,"column":25}},"17":{"start":{"line":38,"column":4},"end":{"line":49,"column":7}},"18":{"start":{"line":41,"column":8},"end":{"line":41,"column":40}},"19":{"start":{"line":42,"column":8},"end":{"line":45,"column":11}},"20":{"start":{"line":44,"column":12},"end":{"line":44,"column":24}},"21":{"start":{"line":48,"column":8},"end":{"line":48,"column":21}},"22":{"start":{"line":53,"column":19},"end":{"line":69,"column":1}},"23":{"start":{"line":54,"column":15},"end":{"line":54,"column":25}},"24":{"start":{"line":55,"column":4},"end":{"line":68,"column":7}},"25":{"start":{"line":58,"column":26},"end":{"line":58,"column":76}},"26":{"start":{"line":59,"column":8},"end":{"line":59,"column":55}},"27":{"start":{"line":60,"column":8},"end":{"line":60,"column":54}},"28":{"start":{"line":61,"column":8},"end":{"line":64,"column":11}},"29":{"start":{"line":63,"column":12},"end":{"line":63,"column":24}},"30":{"start":{"line":67,"column":8},"end":{"line":67,"column":21}},"31":{"start":{"line":71,"column":17},"end":{"line":77,"column":1}},"32":{"start":{"line":72,"column":4},"end":{"line":75,"column":5}},"33":{"start":{"line":73,"column":8},"end":{"line":73,"column":51}},"34":{"start":{"line":74,"column":8},"end":{"line":74,"column":20}},"35":{"start":{"line":76,"column":4},"end":{"line":76,"column":14}},"36":{"start":{"line":80,"column":18},"end":{"line":97,"column":1}},"37":{"start":{"line":81,"column":15},"end":{"line":81,"column":25}},"38":{"start":{"line":82,"column":4},"end":{"line":96,"column":7}},"39":{"start":{"line":84,"column":26},"end":{"line":84,"column":45}},"40":{"start":{"line":86,"column":8},"end":{"line":88,"column":9}},"41":{"start":{"line":86,"column":20},"end":{"line":86,"column":21}},"42":{"start":{"line":87,"column":12},"end":{"line":87,"column":66}},"43":{"start":{"line":89,"column":8},"end":{"line":92,"column":11}},"44":{"start":{"line":91,"column":12},"end":{"line":91,"column":24}},"45":{"start":{"line":95,"column":8},"end":{"line":95,"column":21}},"46":{"start":{"line":99,"column":0},"end":{"line":106,"column":2}}},"fnMap":{"0":{"name":"(anonymous_0)","decl":{"start":{"line":3,"column":16},"end":{"line":3,"column":17}},"loc":{"start":{"line":3,"column":24},"end":{"line":5,"column":1}},"line":3},"1":{"name":"(anonymous_1)","decl":{"start":{"line":8,"column":16},"end":{"line":8,"column":17}},"loc":{"start":{"line":8,"column":25},"end":{"line":33,"column":1}},"line":8},"2":{"name":"(anonymous_2)","decl":{"start":{"line":11,"column":10},"end":{"line":11,"column":11}},"loc":{"start":{"line":11,"column":20},"end":{"line":28,"column":5}},"line":11},"3":{"name":"(anonymous_3)","decl":{"start":{"line":25,"column":14},"end":{"line":25,"column":15}},"loc":{"start":{"line":25,"column":20},"end":{"line":27,"column":9}},"line":25},"4":{"name":"(anonymous_4)","decl":{"start":{"line":29,"column":11},"end":{"line":29,"column":12}},"loc":{"start":{"line":29,"column":20},"end":{"line":32,"column":5}},"line":29},"5":{"name":"(anonymous_5)","decl":{"start":{"line":36,"column":19},"end":{"line":36,"column":20}},"loc":{"start":{"line":36,"column":39},"end":{"line":50,"column":1}},"line":36},"6":{"name":"(anonymous_6)","decl":{"start":{"line":39,"column":10},"end":{"line":39,"column":11}},"loc":{"start":{"line":39,"column":20},"end":{"line":46,"column":5}},"line":39},"7":{"name":"(anonymous_7)","decl":{"start":{"line":43,"column":14},"end":{"line":43,"column":15}},"loc":{"start":{"line":43,"column":20},"end":{"line":45,"column":9}},"line":43},"8":{"name":"(anonymous_8)","decl":{"start":{"line":47,"column":11},"end":{"line":47,"column":12}},"loc":{"start":{"line":47,"column":17},"end":{"line":49,"column":5}},"line":47},"9":{"name":"(anonymous_9)","decl":{"start":{"line":53,"column":19},"end":{"line":53,"column":20}},"loc":{"start":{"line":53,"column":28},"end":{"line":69,"column":1}},"line":53},"10":{"name":"(anonymous_10)","decl":{"start":{"line":56,"column":10},"end":{"line":56,"column":11}},"loc":{"start":{"line":56,"column":20},"end":{"line":65,"column":5}},"line":56},"11":{"name":"(anonymous_11)","decl":{"start":{"line":62,"column":14},"end":{"line":62,"column":15}},"loc":{"start":{"line":62,"column":20},"end":{"line":64,"column":9}},"line":62},"12":{"name":"(anonymous_12)","decl":{"start":{"line":66,"column":11},"end":{"line":66,"column":12}},"loc":{"start":{"line":66,"column":17},"end":{"line":68,"column":5}},"line":66},"13":{"name":"(anonymous_13)","decl":{"start":{"line":71,"column":17},"end":{"line":71,"column":18}},"loc":{"start":{"line":71,"column":27},"end":{"line":77,"column":1}},"line":71},"14":{"name":"(anonymous_14)","decl":{"start":{"line":80,"column":18},"end":{"line":80,"column":19}},"loc":{"start":{"line":80,"column":32},"end":{"line":97,"column":1}},"line":80},"15":{"name":"(anonymous_15)","decl":{"start":{"line":83,"column":10},"end":{"line":83,"column":11}},"loc":{"start":{"line":83,"column":20},"end":{"line":93,"column":5}},"line":83},"16":{"name":"(anonymous_16)","decl":{"start":{"line":90,"column":14},"end":{"line":90,"column":15}},"loc":{"start":{"line":90,"column":20},"end":{"line":92,"column":9}},"line":90},"17":{"name":"(anonymous_17)","decl":{"start":{"line":94,"column":11},"end":{"line":94,"column":12}},"loc":{"start":{"line":94,"column":17},"end":{"line":96,"column":5}},"line":94}},"branchMap":{"0":{"loc":{"start":{"line":13,"column":8},"end":{"line":16,"column":9}},"type":"if","locations":[{"start":{"line":13,"column":8},"end":{"line":16,"column":9}},{"start":{},"end":{}}],"line":13},"1":{"loc":{"start":{"line":72,"column":4},"end":{"line":75,"column":5}},"type":"if","locations":[{"start":{"line":72,"column":4},"end":{"line":75,"column":5}},{"start":{},"end":{}}],"line":72},"2":{"loc":{"start":{"line":72,"column":7},"end":{"line":72,"column":25}},"type":"binary-expr","locations":[{"start":{"line":72,"column":7},"end":{"line":72,"column":11}},{"start":{"line":72,"column":15},"end":{"line":72,"column":25}}],"line":72}},"s":{"0":1,"1":1,"2":3,"3":1,"4":1,"5":1,"6":0,"7":0,"8":0,"9":0,"10":0,"11":0,"12":0,"13":0,"14":0,"15":1,"16":1,"17":1,"18":0,"19":0,"20":0,"21":0,"22":1,"23":0,"24":0,"25":0,"26":0,"27":0,"28":0,"29":0,"30":0,"31":1,"32":0,"33":0,"34":0,"35":0,"36":1,"37":0,"38":0,"39":0,"40":0,"41":0,"42":0,"43":0,"44":0,"45":0,"46":1},"f":{"0":3,"1":1,"2":0,"3":0,"4":0,"5":1,"6":0,"7":0,"8":0,"9":0,"10":0,"11":0,"12":0,"13":0,"14":0,"15":0,"16":0,"17":0},"b":{"0":[0,0],"1":[0,0],"2":[0,0]},"_coverageSchema":"1a1c01bbd47fc00a2c39e90264f33305004495a9","hash":"abac9aacccf689556aff38b6365d949d2fe00508"}
,"C:\\Users\\atardecer\\Desktop\\pruebas de software\\expressCart\\lib\\modules\\discount-voucher.js": {"path":"C:\\Users\\atardecer\\Desktop\\pruebas de software\\expressCart\\lib\\modules\\discount-voucher.js","statementMap":{"0":{"start":{"line":1,"column":26},"end":{"line":14,"column":1}},"1":{"start":{"line":2,"column":25},"end":{"line":2,"column":26}},"2":{"start":{"line":3,"column":4},"end":{"line":11,"column":5}},"3":{"start":{"line":4,"column":8},"end":{"line":6,"column":9}},"4":{"start":{"line":5,"column":12},"end":{"line":5,"column":44}},"5":{"start":{"line":7,"column":8},"end":{"line":10,"column":9}},"6":{"start":{"line":9,"column":12},"end":{"line":9,"column":85}},"7":{"start":{"line":13,"column":4},"end":{"line":13,"column":51}},"8":{"start":{"line":16,"column":0},"end":{"line":18,"column":2}}},"fnMap":{"0":{"name":"(anonymous_0)","decl":{"start":{"line":1,"column":26},"end":{"line":1,"column":27}},"loc":{"start":{"line":1,"column":45},"end":{"line":14,"column":1}},"line":1}},"branchMap":{"0":{"loc":{"start":{"line":3,"column":4},"end":{"line":11,"column":5}},"type":"if","locations":[{"start":{"line":3,"column":4},"end":{"line":11,"column":5}},{"start":{},"end":{}}],"line":3},"1":{"loc":{"start":{"line":4,"column":8},"end":{"line":6,"column":9}},"type":"if","locations":[{"start":{"line":4,"column":8},"end":{"line":6,"column":9}},{"start":{},"end":{}}],"line":4},"2":{"loc":{"start":{"line":7,"column":8},"end":{"line":10,"column":9}},"type":"if","locations":[{"start":{"line":7,"column":8},"end":{"line":10,"column":9}},{"start":{},"end":{}}],"line":7}},"s":{"0":4,"1":5,"2":5,"3":4,"4":3,"5":4,"6":1,"7":5,"8":4},"f":{"0":5},"b":{"0":[4,1],"1":[3,1],"2":[1,3]},"_coverageSchema":"1a1c01bbd47fc00a2c39e90264f33305004495a9","hash":"5314baa0bb1292f937f104712b20639bf6ba056e"}
,"C:\\Users\\atardecer\\Desktop\\pruebas de software\\expressCart\\lib\\modules\\reviews-basic.js": {"path":"C:\\Users\\atardecer\\Desktop\\pruebas de software\\expressCart\\lib\\modules\\reviews-basic.js","statementMap":{"0":{"start":{"line":1,"column":17},"end":{"line":1,"column":44}},"1":{"start":{"line":2,"column":21},"end":{"line":2,"column":45}},"2":{"start":{"line":4,"column":21},"end":{"line":46,"column":1}},"3":{"start":{"line":5,"column":15},"end":{"line":5,"column":25}},"4":{"start":{"line":8,"column":27},"end":{"line":11,"column":6}},"5":{"start":{"line":12,"column":4},"end":{"line":16,"column":5}},"6":{"start":{"line":13,"column":8},"end":{"line":15,"column":10}},"7":{"start":{"line":19,"column":25},"end":{"line":19,"column":96}},"8":{"start":{"line":19,"column":54},"end":{"line":19,"column":95}},"9":{"start":{"line":20,"column":31},"end":{"line":20,"column":108}},"10":{"start":{"line":20,"column":60},"end":{"line":20,"column":107}},"11":{"start":{"line":21,"column":4},"end":{"line":25,"column":5}},"12":{"start":{"line":22,"column":8},"end":{"line":24,"column":10}},"13":{"start":{"line":28,"column":19},"end":{"line":35,"column":5}},"14":{"start":{"line":37,"column":4},"end":{"line":45,"column":5}},"15":{"start":{"line":38,"column":26},"end":{"line":38,"column":60}},"16":{"start":{"line":39,"column":8},"end":{"line":39,"column":25}},"17":{"start":{"line":41,"column":8},"end":{"line":41,"column":41}},"18":{"start":{"line":42,"column":8},"end":{"line":44,"column":10}},"19":{"start":{"line":48,"column":22},"end":{"line":70,"column":1}},"20":{"start":{"line":49,"column":21},"end":{"line":49,"column":211}},"21":{"start":{"line":50,"column":4},"end":{"line":68,"column":5}},"22":{"start":{"line":52,"column":12},"end":{"line":52,"column":216}},"23":{"start":{"line":53,"column":12},"end":{"line":53,"column":18}},"24":{"start":{"line":55,"column":12},"end":{"line":55,"column":236}},"25":{"start":{"line":56,"column":12},"end":{"line":56,"column":18}},"26":{"start":{"line":58,"column":12},"end":{"line":58,"column":256}},"27":{"start":{"line":59,"column":12},"end":{"line":59,"column":18}},"28":{"start":{"line":61,"column":12},"end":{"line":61,"column":276}},"29":{"start":{"line":62,"column":12},"end":{"line":62,"column":18}},"30":{"start":{"line":64,"column":12},"end":{"line":64,"column":296}},"31":{"start":{"line":65,"column":12},"end":{"line":65,"column":18}},"32":{"start":{"line":67,"column":12},"end":{"line":67,"column":196}},"33":{"start":{"line":69,"column":4},"end":{"line":69,"column":22}},"34":{"start":{"line":72,"column":0},"end":{"line":75,"column":2}}},"fnMap":{"0":{"name":"(anonymous_0)","decl":{"start":{"line":4,"column":21},"end":{"line":4,"column":22}},"loc":{"start":{"line":4,"column":36},"end":{"line":46,"column":1}},"line":4},"1":{"name":"(anonymous_1)","decl":{"start":{"line":19,"column":49},"end":{"line":19,"column":50}},"loc":{"start":{"line":19,"column":54},"end":{"line":19,"column":95}},"line":19},"2":{"name":"(anonymous_2)","decl":{"start":{"line":20,"column":55},"end":{"line":20,"column":56}},"loc":{"start":{"line":20,"column":60},"end":{"line":20,"column":107}},"line":20},"3":{"name":"(anonymous_3)","decl":{"start":{"line":48,"column":22},"end":{"line":48,"column":23}},"loc":{"start":{"line":48,"column":34},"end":{"line":70,"column":1}},"line":48}},"branchMap":{"0":{"loc":{"start":{"line":12,"column":4},"end":{"line":16,"column":5}},"type":"if","locations":[{"start":{"line":12,"column":4},"end":{"line":16,"column":5}},{"start":{},"end":{}}],"line":12},"1":{"loc":{"start":{"line":21,"column":4},"end":{"line":25,"column":5}},"type":"if","locations":[{"start":{"line":21,"column":4},"end":{"line":25,"column":5}},{"start":{},"end":{}}],"line":21},"2":{"loc":{"start":{"line":21,"column":7},"end":{"line":21,"column":41}},"type":"binary-expr","locations":[{"start":{"line":21,"column":7},"end":{"line":21,"column":19}},{"start":{"line":21,"column":23},"end":{"line":21,"column":41}}],"line":21},"3":{"loc":{"start":{"line":50,"column":4},"end":{"line":68,"column":5}},"type":"switch","locations":[{"start":{"line":51,"column":8},"end":{"line":53,"column":18}},{"start":{"line":54,"column":8},"end":{"line":56,"column":18}},{"start":{"line":57,"column":8},"end":{"line":59,"column":18}},{"start":{"line":60,"column":8},"end":{"line":62,"column":18}},{"start":{"line":63,"column":8},"end":{"line":65,"column":18}},{"start":{"line":66,"column":8},"end":{"line":67,"column":196}}],"line":50}},"s":{"0":3,"1":3,"2":3,"3":0,"4":0,"5":0,"6":0,"7":0,"8":0,"9":0,"10":0,"11":0,"12":0,"13":0,"14":0,"15":0,"16":0,"17":0,"18":0,"19":3,"20":0,"21":0,"22":0,"23":0,"24":0,"25":0,"26":0,"27":0,"28":0,"29":0,"30":0,"31":0,"32":0,"33":0,"34":3},"f":{"0":0,"1":0,"2":0,"3":0},"b":{"0":[0,0],"1":[0,0],"2":[0,0],"3":[0,0,0,0,0,0]},"_coverageSchema":"1a1c01bbd47fc00a2c39e90264f33305004495a9","hash":"1ccd09489ce5030ccfb25206482466550572efe3"}
,"C:\\Users\\atardecer\\Desktop\\pruebas de software\\expressCart\\lib\\modules\\shipping-basic.js": {"path":"C:\\Users\\atardecer\\Desktop\\pruebas de software\\expressCart\\lib\\modules\\shipping-basic.js","statementMap":{"0":{"start":{"line":1,"column":31},"end":{"line":1,"column":33}},"1":{"start":{"line":2,"column":36},"end":{"line":2,"column":38}},"2":{"start":{"line":3,"column":22},"end":{"line":3,"column":25}},"3":{"start":{"line":4,"column":28},"end":{"line":4,"column":39}},"4":{"start":{"line":6,"column":26},"end":{"line":43,"column":1}},"5":{"start":{"line":8,"column":4},"end":{"line":13,"column":5}},"6":{"start":{"line":9,"column":8},"end":{"line":9,"column":54}},"7":{"start":{"line":10,"column":8},"end":{"line":10,"column":42}},"8":{"start":{"line":11,"column":8},"end":{"line":11,"column":70}},"9":{"start":{"line":12,"column":8},"end":{"line":12,"column":15}},"10":{"start":{"line":16,"column":4},"end":{"line":21,"column":5}},"11":{"start":{"line":17,"column":8},"end":{"line":17,"column":54}},"12":{"start":{"line":18,"column":8},"end":{"line":18,"column":42}},"13":{"start":{"line":19,"column":8},"end":{"line":19,"column":70}},"14":{"start":{"line":20,"column":8},"end":{"line":20,"column":15}},"15":{"start":{"line":24,"column":4},"end":{"line":29,"column":5}},"16":{"start":{"line":25,"column":8},"end":{"line":25,"column":59}},"17":{"start":{"line":26,"column":8},"end":{"line":26,"column":63}},"18":{"start":{"line":27,"column":8},"end":{"line":27,"column":70}},"19":{"start":{"line":28,"column":8},"end":{"line":28,"column":15}},"20":{"start":{"line":32,"column":4},"end":{"line":37,"column":5}},"21":{"start":{"line":33,"column":8},"end":{"line":33,"column":63}},"22":{"start":{"line":34,"column":8},"end":{"line":34,"column":68}},"23":{"start":{"line":35,"column":8},"end":{"line":35,"column":75}},"24":{"start":{"line":36,"column":8},"end":{"line":36,"column":15}},"25":{"start":{"line":40,"column":4},"end":{"line":40,"column":54}},"26":{"start":{"line":41,"column":4},"end":{"line":41,"column":59}},"27":{"start":{"line":42,"column":4},"end":{"line":42,"column":66}},"28":{"start":{"line":45,"column":0},"end":{"line":47,"column":2}}},"fnMap":{"0":{"name":"(anonymous_0)","decl":{"start":{"line":6,"column":26},"end":{"line":6,"column":27}},"loc":{"start":{"line":6,"column":51},"end":{"line":43,"column":1}},"line":6}},"branchMap":{"0":{"loc":{"start":{"line":8,"column":4},"end":{"line":13,"column":5}},"type":"if","locations":[{"start":{"line":8,"column":4},"end":{"line":13,"column":5}},{"start":{},"end":{}}],"line":8},"1":{"loc":{"start":{"line":16,"column":4},"end":{"line":21,"column":5}},"type":"if","locations":[{"start":{"line":16,"column":4},"end":{"line":21,"column":5}},{"start":{},"end":{}}],"line":16},"2":{"loc":{"start":{"line":24,"column":4},"end":{"line":29,"column":5}},"type":"if","locations":[{"start":{"line":24,"column":4},"end":{"line":29,"column":5}},{"start":{},"end":{}}],"line":24},"3":{"loc":{"start":{"line":32,"column":4},"end":{"line":37,"column":5}},"type":"if","locations":[{"start":{"line":32,"column":4},"end":{"line":37,"column":5}},{"start":{},"end":{}}],"line":32}},"s":{"0":4,"1":4,"2":4,"3":4,"4":4,"5":7,"6":2,"7":2,"8":2,"9":2,"10":5,"11":1,"12":1,"13":1,"14":1,"15":4,"16":1,"17":1,"18":1,"19":1,"20":3,"21":1,"22":1,"23":1,"24":1,"25":2,"26":2,"27":2,"28":4},"f":{"0":7},"b":{"0":[2,5],"1":[1,4],"2":[1,3],"3":[1,2]},"_coverageSchema":"1a1c01bbd47fc00a2c39e90264f33305004495a9","hash":"6c21c972ec087f19decf20b303ebae37fc21b9ec"}
}
