{"C:\\Users\\atardecer\\Desktop\\pruebas de software\\expressCart\\lib\\cart.js": {"path":"C:\\Users\\atardecer\\Desktop\\pruebas de software\\expressCart\\lib\\cart.js","statementMap":{"0":{"start":{"line":3,"column":4},"end":{"line":3,"column":23}},"1":{"start":{"line":5,"column":24},"end":{"line":57,"column":1}},"2":{"start":{"line":6,"column":19},"end":{"line":6,"column":30}},"3":{"start":{"line":7,"column":15},"end":{"line":7,"column":25}},"4":{"start":{"line":9,"column":4},"end":{"line":9,"column":36}},"5":{"start":{"line":10,"column":4},"end":{"line":10,"column":35}},"6":{"start":{"line":11,"column":4},"end":{"line":11,"column":38}},"7":{"start":{"line":14,"column":4},"end":{"line":16,"column":5}},"8":{"start":{"line":15,"column":8},"end":{"line":15,"column":15}},"9":{"start":{"line":18,"column":4},"end":{"line":21,"column":7}},"10":{"start":{"line":19,"column":8},"end":{"line":19,"column":106}},"11":{"start":{"line":20,"column":8},"end":{"line":20,"column":104}},"12":{"start":{"line":24,"column":4},"end":{"line":24,"column":70}},"13":{"start":{"line":27,"column":4},"end":{"line":27,"column":65}},"14":{"start":{"line":30,"column":4},"end":{"line":30,"column":38}},"15":{"start":{"line":33,"column":4},"end":{"line":37,"column":6}},"16":{"start":{"line":40,"column":4},"end":{"line":53,"column":5}},"17":{"start":{"line":42,"column":25},"end":{"line":42,"column":87}},"18":{"start":{"line":43,"column":8},"end":{"line":52,"column":9}},"19":{"start":{"line":44,"column":12},"end":{"line":47,"column":14}},"20":{"start":{"line":50,"column":12},"end":{"line":50,"column":44}},"21":{"start":{"line":51,"column":12},"end":{"line":51,"column":46}},"22":{"start":{"line":56,"column":4},"end":{"line":56,"column":131}},"23":{"start":{"line":59,"column":32},"end":{"line":73,"column":1}},"24":{"start":{"line":61,"column":4},"end":{"line":64,"column":5}},"25":{"start":{"line":62,"column":8},"end":{"line":62,"column":44}},"26":{"start":{"line":63,"column":8},"end":{"line":63,"column":15}},"27":{"start":{"line":66,"column":4},"end":{"line":72,"column":7}},"28":{"start":{"line":67,"column":8},"end":{"line":71,"column":9}},"29":{"start":{"line":68,"column":12},"end":{"line":68,"column":86}},"30":{"start":{"line":70,"column":12},"end":{"line":70,"column":48}},"31":{"start":{"line":75,"column":18},"end":{"line":113,"column":1}},"32":{"start":{"line":76,"column":15},"end":{"line":76,"column":25}},"33":{"start":{"line":79,"column":4},"end":{"line":79,"column":28}},"34":{"start":{"line":80,"column":4},"end":{"line":80,"column":38}},"35":{"start":{"line":81,"column":4},"end":{"line":81,"column":31}},"36":{"start":{"line":82,"column":4},"end":{"line":82,"column":40}},"37":{"start":{"line":83,"column":4},"end":{"line":83,"column":36}},"38":{"start":{"line":86,"column":4},"end":{"line":86,"column":59}},"39":{"start":{"line":89,"column":4},"end":{"line":89,"column":36}},"40":{"start":{"line":92,"column":4},"end":{"line":92,"column":38}},"41":{"start":{"line":95,"column":18},"end":{"line":95,"column":45}},"42":{"start":{"line":96,"column":4},"end":{"line":98,"column":5}},"43":{"start":{"line":97,"column":8},"end":{"line":97,"column":32}},"44":{"start":{"line":100,"column":4},"end":{"line":102,"column":5}},"45":{"start":{"line":101,"column":8},"end":{"line":101,"column":15}},"46":{"start":{"line":105,"column":4},"end":{"line":108,"column":5}},"47":{"start":{"line":106,"column":8},"end":{"line":106,"column":70}},"48":{"start":{"line":107,"column":8},"end":{"line":107,"column":15}},"49":{"start":{"line":110,"column":4},"end":{"line":110,"column":34}},"50":{"start":{"line":111,"column":4},"end":{"line":111,"column":40}},"51":{"start":{"line":112,"column":4},"end":{"line":112,"column":22}},"52":{"start":{"line":115,"column":0},"end":{"line":119,"column":2}}},"fnMap":{"0":{"name":"(anonymous_0)","decl":{"start":{"line":5,"column":24},"end":{"line":5,"column":25}},"loc":{"start":{"line":5,"column":44},"end":{"line":57,"column":1}},"line":5},"1":{"name":"(anonymous_1)","decl":{"start":{"line":18,"column":42},"end":{"line":18,"column":43}},"loc":{"start":{"line":18,"column":52},"end":{"line":21,"column":5}},"line":18},"2":{"name":"(anonymous_2)","decl":{"start":{"line":59,"column":32},"end":{"line":59,"column":33}},"loc":{"start":{"line":59,"column":46},"end":{"line":73,"column":1}},"line":59},"3":{"name":"(anonymous_3)","decl":{"start":{"line":66,"column":42},"end":{"line":66,"column":43}},"loc":{"start":{"line":66,"column":52},"end":{"line":72,"column":5}},"line":66},"4":{"name":"(anonymous_4)","decl":{"start":{"line":75,"column":18},"end":{"line":75,"column":19}},"loc":{"start":{"line":75,"column":59},"end":{"line":113,"column":1}},"line":75}},"branchMap":{"0":{"loc":{"start":{"line":14,"column":4},"end":{"line":16,"column":5}},"type":"if","locations":[{"start":{"line":14,"column":4},"end":{"line":16,"column":5}},{"start":{},"end":{}}],"line":14},"1":{"loc":{"start":{"line":40,"column":4},"end":{"line":53,"column":5}},"type":"if","locations":[{"start":{"line":40,"column":4},"end":{"line":53,"column":5}},{"start":{},"end":{}}],"line":40},"2":{"loc":{"start":{"line":43,"column":8},"end":{"line":52,"column":9}},"type":"if","locations":[{"start":{"line":43,"column":8},"end":{"line":52,"column":9}},{"start":{"line":48,"column":13},"end":{"line":52,"column":9}}],"line":43},"3":{"loc":{"start":{"line":61,"column":4},"end":{"line":64,"column":5}},"type":"if","locations":[{"start":{"line":61,"column":4},"end":{"line":64,"column":5}},{"start":{},"end":{}}],"line":61},"4":{"loc":{"start":{"line":61,"column":7},"end":{"line":61,"column":57}},"type":"binary-expr","locations":[{"start":{"line":61,"column":7},"end":{"line":61,"column":24}},{"start":{"line":61,"column":28},"end":{"line":61,"column":57}}],"line":61},"5":{"loc":{"start":{"line":67,"column":8},"end":{"line":71,"column":9}},"type":"if","locations":[{"start":{"line":67,"column":8},"end":{"line":71,"column":9}},{"start":{"line":69,"column":13},"end":{"line":71,"column":9}}],"line":67},"6":{"loc":{"start":{"line":96,"column":4},"end":{"line":98,"column":5}},"type":"if","locations":[{"start":{"line":96,"column":4},"end":{"line":98,"column":5}},{"start":{},"end":{}}],"line":96},"7":{"loc":{"start":{"line":100,"column":4},"end":{"line":102,"column":5}},"type":"if","locations":[{"start":{"line":100,"column":4},"end":{"line":102,"column":5}},{"start":{},"end":{}}],"line":100},"8":{"loc":{"start":{"line":105,"column":4},"end":{"line":108,"column":5}},"type":"if","locations":[{"start":{"line":105,"column":4},"end":{"line":108,"column":5}},{"start":{},"end":{}}],"line":105}},"s":{"0":1,"1":1,"2":3,"3":3,"4":3,"5":3,"6":3,"7":3,"8":3,"9":0,"10":0,"11":0,"12":0,"13":0,"14":0,"15":0,"16":0,"17":0,"18":0,"19":0,"20":0,"21":0,"22":0,"23":1,"24":2,"25":1,"26":1,"27":1,"28":1,"29":1,"30":0,"31":1,"32":1,"33":1,"34":1,"35":1,"36":1,"37":1,"38":1,"39":1,"40":1,"41":1,"42":1,"43":0,"44":1,"45":0,"46":1,"47":1,"48":1,"49":0,"50":0,"51":0,"52":1},"f":{"0":3,"1":0,"2":2,"3":1,"4":1},"b":{"0":[3,0],"1":[0,0],"2":[0,0],"3":[1,1],"4":[2,1],"5":[1,0],"6":[0,1],"7":[0,1],"8":[1,0]},"_coverageSchema":"1a1c01bbd47fc00a2c39e90264f33305004495a9","hash":"786b7b4192c444661d01698280fcb4c4b0e66faf"}
,"C:\\Users\\atardecer\\Desktop\\pruebas de software\\expressCart\\lib\\config.js": {"path":"C:\\Users\\atardecer\\Desktop\\pruebas de software\\expressCart\\lib\\config.js","statementMap":{"0":{"start":{"line":1,"column":18},"end":{"line":1,"column":38}},"1":{"start":{"line":2,"column":15},"end":{"line":2,"column":55}},"2":{"start":{"line":3,"column":11},"end":{"line":3,"column":24}},"3":{"start":{"line":4,"column":13},"end":{"line":4,"column":28}},"4":{"start":{"line":5,"column":10},"end":{"line":5,"column":27}},"5":{"start":{"line":7,"column":18},"end":{"line":54,"column":1}},"6":{"start":{"line":8,"column":17},"end":{"line":8,"column":104}},"7":{"start":{"line":9,"column":32},"end":{"line":9,"column":88}},"8":{"start":{"line":12,"column":4},"end":{"line":15,"column":5}},"9":{"start":{"line":13,"column":32},"end":{"line":13,"column":88}},"10":{"start":{"line":14,"column":8},"end":{"line":14,"column":56}},"11":{"start":{"line":18,"column":4},"end":{"line":22,"column":7}},"12":{"start":{"line":19,"column":8},"end":{"line":21,"column":9}},"13":{"start":{"line":20,"column":12},"end":{"line":20,"column":55}},"14":{"start":{"line":24,"column":4},"end":{"line":24,"column":104}},"15":{"start":{"line":25,"column":4},"end":{"line":25,"column":107}},"16":{"start":{"line":26,"column":4},"end":{"line":26,"column":122}},"17":{"start":{"line":29,"column":4},"end":{"line":29,"column":27}},"18":{"start":{"line":30,"column":4},"end":{"line":32,"column":5}},"19":{"start":{"line":31,"column":8},"end":{"line":31,"column":31}},"20":{"start":{"line":34,"column":4},"end":{"line":34,"column":59}},"21":{"start":{"line":37,"column":4},"end":{"line":37,"column":24}},"22":{"start":{"line":38,"column":4},"end":{"line":40,"column":5}},"23":{"start":{"line":39,"column":8},"end":{"line":39,"column":24}},"24":{"start":{"line":43,"column":4},"end":{"line":51,"column":5}},"25":{"start":{"line":44,"column":8},"end":{"line":44,"column":35}},"26":{"start":{"line":45,"column":8},"end":{"line":47,"column":11}},"27":{"start":{"line":46,"column":12},"end":{"line":46,"column":93}},"28":{"start":{"line":49,"column":8},"end":{"line":49,"column":70}},"29":{"start":{"line":50,"column":8},"end":{"line":50,"column":24}},"30":{"start":{"line":53,"column":4},"end":{"line":53,"column":18}},"31":{"start":{"line":56,"column":25},"end":{"line":81,"column":1}},"32":{"start":{"line":57,"column":23},"end":{"line":57,"column":34}},"33":{"start":{"line":60,"column":19},"end":{"line":60,"column":21}},"34":{"start":{"line":61,"column":4},"end":{"line":73,"column":7}},"35":{"start":{"line":62,"column":31},"end":{"line":62,"column":104}},"36":{"start":{"line":63,"column":8},"end":{"line":65,"column":9}},"37":{"start":{"line":64,"column":12},"end":{"line":64,"column":82}},"38":{"start":{"line":68,"column":8},"end":{"line":72,"column":11}},"39":{"start":{"line":69,"column":12},"end":{"line":71,"column":13}},"40":{"start":{"line":70,"column":16},"end":{"line":70,"column":77}},"41":{"start":{"line":76,"column":4},"end":{"line":78,"column":5}},"42":{"start":{"line":77,"column":8},"end":{"line":77,"column":31}},"43":{"start":{"line":80,"column":4},"end":{"line":80,"column":18}},"44":{"start":{"line":83,"column":21},"end":{"line":153,"column":1}},"45":{"start":{"line":84,"column":25},"end":{"line":84,"column":36}},"46":{"start":{"line":86,"column":4},"end":{"line":99,"column":7}},"47":{"start":{"line":87,"column":8},"end":{"line":87,"column":34}},"48":{"start":{"line":88,"column":8},"end":{"line":90,"column":9}},"49":{"start":{"line":89,"column":12},"end":{"line":89,"column":83}},"50":{"start":{"line":91,"column":8},"end":{"line":94,"column":9}},"51":{"start":{"line":92,"column":31},"end":{"line":92,"column":103}},"52":{"start":{"line":93,"column":12},"end":{"line":93,"column":49}},"53":{"start":{"line":95,"column":8},"end":{"line":98,"column":9}},"54":{"start":{"line":96,"column":36},"end":{"line":96,"column":92}},"55":{"start":{"line":97,"column":12},"end":{"line":97,"column":59}},"56":{"start":{"line":102,"column":4},"end":{"line":102,"column":40}},"57":{"start":{"line":103,"column":4},"end":{"line":103,"column":41}},"58":{"start":{"line":104,"column":4},"end":{"line":104,"column":46}},"59":{"start":{"line":106,"column":4},"end":{"line":110,"column":5}},"60":{"start":{"line":107,"column":8},"end":{"line":107,"column":40}},"61":{"start":{"line":109,"column":8},"end":{"line":109,"column":41}},"62":{"start":{"line":112,"column":4},"end":{"line":114,"column":5}},"63":{"start":{"line":113,"column":8},"end":{"line":113,"column":60}},"64":{"start":{"line":116,"column":4},"end":{"line":118,"column":5}},"65":{"start":{"line":117,"column":8},"end":{"line":117,"column":70}},"66":{"start":{"line":120,"column":4},"end":{"line":122,"column":5}},"67":{"start":{"line":121,"column":8},"end":{"line":121,"column":72}},"68":{"start":{"line":126,"column":30},"end":{"line":126,"column":86}},"69":{"start":{"line":127,"column":4},"end":{"line":143,"column":5}},"70":{"start":{"line":128,"column":30},"end":{"line":128,"column":76}},"71":{"start":{"line":129,"column":8},"end":{"line":136,"column":11}},"72":{"start":{"line":130,"column":12},"end":{"line":135,"column":13}},"73":{"start":{"line":131,"column":16},"end":{"line":131,"column":49}},"74":{"start":{"line":134,"column":16},"end":{"line":134,"column":41}},"75":{"start":{"line":138,"column":8},"end":{"line":142,"column":9}},"76":{"start":{"line":139,"column":12},"end":{"line":139,"column":88}},"77":{"start":{"line":141,"column":12},"end":{"line":141,"column":73}},"78":{"start":{"line":146,"column":29},"end":{"line":146,"column":79}},"79":{"start":{"line":147,"column":4},"end":{"line":152,"column":5}},"80":{"start":{"line":148,"column":8},"end":{"line":148,"column":82}},"81":{"start":{"line":149,"column":8},"end":{"line":149,"column":20}},"82":{"start":{"line":151,"column":8},"end":{"line":151,"column":21}},"83":{"start":{"line":155,"column":26},"end":{"line":167,"column":1}},"84":{"start":{"line":156,"column":30},"end":{"line":156,"column":86}},"85":{"start":{"line":157,"column":4},"end":{"line":166,"column":5}},"86":{"start":{"line":158,"column":28},"end":{"line":158,"column":30}},"87":{"start":{"line":159,"column":8},"end":{"line":161,"column":9}},"88":{"start":{"line":160,"column":12},"end":{"line":160,"column":75}},"89":{"start":{"line":162,"column":8},"end":{"line":162,"column":44}},"90":{"start":{"line":163,"column":8},"end":{"line":163,"column":84}},"91":{"start":{"line":165,"column":8},"end":{"line":165,"column":69}},"92":{"start":{"line":169,"column":0},"end":{"line":174,"column":2}}},"fnMap":{"0":{"name":"(anonymous_0)","decl":{"start":{"line":7,"column":18},"end":{"line":7,"column":19}},"loc":{"start":{"line":7,"column":24},"end":{"line":54,"column":1}},"line":7},"1":{"name":"(anonymous_1)","decl":{"start":{"line":18,"column":32},"end":{"line":18,"column":33}},"loc":{"start":{"line":18,"column":47},"end":{"line":22,"column":5}},"line":18},"2":{"name":"(anonymous_2)","decl":{"start":{"line":45,"column":52},"end":{"line":45,"column":53}},"loc":{"start":{"line":45,"column":61},"end":{"line":47,"column":9}},"line":45},"3":{"name":"(anonymous_3)","decl":{"start":{"line":56,"column":25},"end":{"line":56,"column":26}},"loc":{"start":{"line":56,"column":38},"end":{"line":81,"column":1}},"line":56},"4":{"name":"(anonymous_4)","decl":{"start":{"line":61,"column":41},"end":{"line":61,"column":42}},"loc":{"start":{"line":61,"column":54},"end":{"line":73,"column":5}},"line":61},"5":{"name":"(anonymous_5)","decl":{"start":{"line":68,"column":45},"end":{"line":68,"column":46}},"loc":{"start":{"line":68,"column":60},"end":{"line":72,"column":9}},"line":68},"6":{"name":"(anonymous_6)","decl":{"start":{"line":83,"column":21},"end":{"line":83,"column":22}},"loc":{"start":{"line":83,"column":33},"end":{"line":153,"column":1}},"line":83},"7":{"name":"(anonymous_7)","decl":{"start":{"line":86,"column":22},"end":{"line":86,"column":23}},"loc":{"start":{"line":86,"column":38},"end":{"line":99,"column":5}},"line":86},"8":{"name":"(anonymous_8)","decl":{"start":{"line":129,"column":33},"end":{"line":129,"column":34}},"loc":{"start":{"line":129,"column":49},"end":{"line":136,"column":9}},"line":129},"9":{"name":"(anonymous_9)","decl":{"start":{"line":155,"column":26},"end":{"line":155,"column":27}},"loc":{"start":{"line":155,"column":37},"end":{"line":167,"column":1}},"line":155}},"branchMap":{"0":{"loc":{"start":{"line":12,"column":4},"end":{"line":15,"column":5}},"type":"if","locations":[{"start":{"line":12,"column":4},"end":{"line":15,"column":5}},{"start":{},"end":{}}],"line":12},"1":{"loc":{"start":{"line":19,"column":8},"end":{"line":21,"column":9}},"type":"if","locations":[{"start":{"line":19,"column":8},"end":{"line":21,"column":9}},{"start":{},"end":{}}],"line":19},"2":{"loc":{"start":{"line":24,"column":23},"end":{"line":24,"column":103}},"type":"cond-expr","locations":[{"start":{"line":24,"column":65},"end":{"line":24,"column":96}},{"start":{"line":24,"column":99},"end":{"line":24,"column":103}}],"line":24},"3":{"loc":{"start":{"line":25,"column":24},"end":{"line":25,"column":106}},"type":"cond-expr","locations":[{"start":{"line":25,"column":67},"end":{"line":25,"column":99}},{"start":{"line":25,"column":102},"end":{"line":25,"column":106}}],"line":25},"4":{"loc":{"start":{"line":26,"column":29},"end":{"line":26,"column":121}},"type":"cond-expr","locations":[{"start":{"line":26,"column":77},"end":{"line":26,"column":114}},{"start":{"line":26,"column":117},"end":{"line":26,"column":121}}],"line":26},"5":{"loc":{"start":{"line":30,"column":4},"end":{"line":32,"column":5}},"type":"if","locations":[{"start":{"line":30,"column":4},"end":{"line":32,"column":5}},{"start":{},"end":{}}],"line":30},"6":{"loc":{"start":{"line":30,"column":7},"end":{"line":30,"column":65}},"type":"binary-expr","locations":[{"start":{"line":30,"column":7},"end":{"line":30,"column":42}},{"start":{"line":30,"column":46},"end":{"line":30,"column":65}}],"line":30},"7":{"loc":{"start":{"line":38,"column":4},"end":{"line":40,"column":5}},"type":"if","locations":[{"start":{"line":38,"column":4},"end":{"line":40,"column":5}},{"start":{},"end":{}}],"line":38},"8":{"loc":{"start":{"line":38,"column":7},"end":{"line":38,"column":83}},"type":"binary-expr","locations":[{"start":{"line":38,"column":7},"end":{"line":38,"column":45}},{"start":{"line":38,"column":49},"end":{"line":38,"column":83}}],"line":38},"9":{"loc":{"start":{"line":63,"column":8},"end":{"line":65,"column":9}},"type":"if","locations":[{"start":{"line":63,"column":8},"end":{"line":65,"column":9}},{"start":{},"end":{}}],"line":63},"10":{"loc":{"start":{"line":69,"column":12},"end":{"line":71,"column":13}},"type":"if","locations":[{"start":{"line":69,"column":12},"end":{"line":71,"column":13}},{"start":{},"end":{}}],"line":69},"11":{"loc":{"start":{"line":69,"column":15},"end":{"line":69,"column":70}},"type":"binary-expr","locations":[{"start":{"line":69,"column":15},"end":{"line":69,"column":35}},{"start":{"line":69,"column":39},"end":{"line":69,"column":70}}],"line":69},"12":{"loc":{"start":{"line":76,"column":4},"end":{"line":78,"column":5}},"type":"if","locations":[{"start":{"line":76,"column":4},"end":{"line":78,"column":5}},{"start":{},"end":{}}],"line":76},"13":{"loc":{"start":{"line":76,"column":7},"end":{"line":76,"column":33}},"type":"binary-expr","locations":[{"start":{"line":76,"column":7},"end":{"line":76,"column":14}},{"start":{"line":76,"column":18},"end":{"line":76,"column":33}}],"line":76},"14":{"loc":{"start":{"line":88,"column":8},"end":{"line":90,"column":9}},"type":"if","locations":[{"start":{"line":88,"column":8},"end":{"line":90,"column":9}},{"start":{},"end":{}}],"line":88},"15":{"loc":{"start":{"line":91,"column":8},"end":{"line":94,"column":9}},"type":"if","locations":[{"start":{"line":91,"column":8},"end":{"line":94,"column":9}},{"start":{},"end":{}}],"line":91},"16":{"loc":{"start":{"line":92,"column":31},"end":{"line":92,"column":103}},"type":"cond-expr","locations":[{"start":{"line":92,"column":78},"end":{"line":92,"column":98}},{"start":{"line":92,"column":101},"end":{"line":92,"column":103}}],"line":92},"17":{"loc":{"start":{"line":92,"column":31},"end":{"line":92,"column":75}},"type":"binary-expr","locations":[{"start":{"line":92,"column":31},"end":{"line":92,"column":59}},{"start":{"line":92,"column":63},"end":{"line":92,"column":75}}],"line":92},"18":{"loc":{"start":{"line":95,"column":8},"end":{"line":98,"column":9}},"type":"if","locations":[{"start":{"line":95,"column":8},"end":{"line":98,"column":9}},{"start":{},"end":{}}],"line":95},"19":{"loc":{"start":{"line":96,"column":36},"end":{"line":96,"column":92}},"type":"cond-expr","locations":[{"start":{"line":96,"column":67},"end":{"line":96,"column":87}},{"start":{"line":96,"column":90},"end":{"line":96,"column":92}}],"line":96},"20":{"loc":{"start":{"line":106,"column":4},"end":{"line":110,"column":5}},"type":"if","locations":[{"start":{"line":106,"column":4},"end":{"line":110,"column":5}},{"start":{"line":108,"column":9},"end":{"line":110,"column":5}}],"line":106},"21":{"loc":{"start":{"line":112,"column":4},"end":{"line":114,"column":5}},"type":"if","locations":[{"start":{"line":112,"column":4},"end":{"line":114,"column":5}},{"start":{},"end":{}}],"line":112},"22":{"loc":{"start":{"line":116,"column":4},"end":{"line":118,"column":5}},"type":"if","locations":[{"start":{"line":116,"column":4},"end":{"line":118,"column":5}},{"start":{},"end":{}}],"line":116},"23":{"loc":{"start":{"line":120,"column":4},"end":{"line":122,"column":5}},"type":"if","locations":[{"start":{"line":120,"column":4},"end":{"line":122,"column":5}},{"start":{},"end":{}}],"line":120},"24":{"loc":{"start":{"line":127,"column":4},"end":{"line":143,"column":5}},"type":"if","locations":[{"start":{"line":127,"column":4},"end":{"line":143,"column":5}},{"start":{},"end":{}}],"line":127},"25":{"loc":{"start":{"line":130,"column":12},"end":{"line":135,"column":13}},"type":"if","locations":[{"start":{"line":130,"column":12},"end":{"line":135,"column":13}},{"start":{},"end":{}}],"line":130},"26":{"loc":{"start":{"line":159,"column":8},"end":{"line":161,"column":9}},"type":"if","locations":[{"start":{"line":159,"column":8},"end":{"line":161,"column":9}},{"start":{},"end":{}}],"line":159}},"s":{"0":1,"1":1,"2":1,"3":1,"4":1,"5":1,"6":3,"7":3,"8":3,"9":3,"10":3,"11":3,"12":105,"13":0,"14":3,"15":3,"16":3,"17":3,"18":3,"19":0,"20":3,"21":3,"22":3,"23":0,"24":3,"25":3,"26":3,"27":9,"28":0,"29":0,"30":3,"31":1,"32":0,"33":0,"34":0,"35":0,"36":0,"37":0,"38":0,"39":0,"40":0,"41":0,"42":0,"43":0,"44":1,"45":0,"46":0,"47":0,"48":0,"49":0,"50":0,"51":0,"52":0,"53":0,"54":0,"55":0,"56":0,"57":0,"58":0,"59":0,"60":0,"61":0,"62":0,"63":0,"64":0,"65":0,"66":0,"67":0,"68":0,"69":0,"70":0,"71":0,"72":0,"73":0,"74":0,"75":0,"76":0,"77":0,"78":0,"79":0,"80":0,"81":0,"82":0,"83":1,"84":0,"85":0,"86":0,"87":0,"88":0,"89":0,"90":0,"91":0,"92":1},"f":{"0":3,"1":105,"2":9,"3":0,"4":0,"5":0,"6":0,"7":0,"8":0,"9":0},"b":{"0":[3,0],"1":[0,105],"2":[3,0],"3":[3,0],"4":[3,0],"5":[0,3],"6":[3,3],"7":[0,3],"8":[3,3],"9":[0,0],"10":[0,0],"11":[0,0],"12":[0,0],"13":[0,0],"14":[0,0],"15":[0,0],"16":[0,0],"17":[0,0],"18":[0,0],"19":[0,0],"20":[0,0],"21":[0,0],"22":[0,0],"23":[0,0],"24":[0,0],"25":[0,0],"26":[0,0]},"_coverageSchema":"1a1c01bbd47fc00a2c39e90264f33305004495a9","hash":"7fa2c96f9f2cefb9977d53e1605d3310156618a2"}
,"C:\\Users\\atardecer\\Desktop\\pruebas de software\\expressCart\\lib\\modules\\discount-voucher.js": {"path":"C:\\Users\\atardecer\\Desktop\\pruebas de software\\expressCart\\lib\\modules\\discount-voucher.js","statementMap":{"0":{"start":{"line":1,"column":26},"end":{"line":14,"column":1}},"1":{"start":{"line":2,"column":25},"end":{"line":2,"column":26}},"2":{"start":{"line":3,"column":4},"end":{"line":11,"column":5}},"3":{"start":{"line":4,"column":8},"end":{"line":6,"column":9}},"4":{"start":{"line":5,"column":12},"end":{"line":5,"column":44}},"5":{"start":{"line":7,"column":8},"end":{"line":10,"column":9}},"6":{"start":{"line":9,"column":12},"end":{"line":9,"column":85}},"7":{"start":{"line":13,"column":4},"end":{"line":13,"column":51}},"8":{"start":{"line":16,"column":0},"end":{"line":18,"column":2}}},"fnMap":{"0":{"name":"(anonymous_0)","decl":{"start":{"line":1,"column":26},"end":{"line":1,"column":27}},"loc":{"start":{"line":1,"column":45},"end":{"line":14,"column":1}},"line":1}},"branchMap":{"0":{"loc":{"start":{"line":3,"column":4},"end":{"line":11,"column":5}},"type":"if","locations":[{"start":{"line":3,"column":4},"end":{"line":11,"column":5}},{"start":{},"end":{}}],"line":3},"1":{"loc":{"start":{"line":4,"column":8},"end":{"line":6,"column":9}},"type":"if","locations":[{"start":{"line":4,"column":8},"end":{"line":6,"column":9}},{"start":{},"end":{}}],"line":4},"2":{"loc":{"start":{"line":7,"column":8},"end":{"line":10,"column":9}},"type":"if","locations":[{"start":{"line":7,"column":8},"end":{"line":10,"column":9}},{"start":{},"end":{}}],"line":7}},"s":{"0":2,"1":5,"2":5,"3":4,"4":3,"5":4,"6":1,"7":5,"8":2},"f":{"0":5},"b":{"0":[4,1],"1":[3,1],"2":[1,3]},"_coverageSchema":"1a1c01bbd47fc00a2c39e90264f33305004495a9","hash":"5314baa0bb1292f937f104712b20639bf6ba056e"}
,"C:\\Users\\atardecer\\Desktop\\pruebas de software\\expressCart\\lib\\modules\\reviews-basic.js": {"path":"C:\\Users\\atardecer\\Desktop\\pruebas de software\\expressCart\\lib\\modules\\reviews-basic.js","statementMap":{"0":{"start":{"line":1,"column":17},"end":{"line":1,"column":44}},"1":{"start":{"line":2,"column":21},"end":{"line":2,"column":45}},"2":{"start":{"line":4,"column":21},"end":{"line":46,"column":1}},"3":{"start":{"line":5,"column":15},"end":{"line":5,"column":25}},"4":{"start":{"line":8,"column":27},"end":{"line":11,"column":6}},"5":{"start":{"line":12,"column":4},"end":{"line":16,"column":5}},"6":{"start":{"line":13,"column":8},"end":{"line":15,"column":10}},"7":{"start":{"line":19,"column":25},"end":{"line":19,"column":96}},"8":{"start":{"line":19,"column":54},"end":{"line":19,"column":95}},"9":{"start":{"line":20,"column":31},"end":{"line":20,"column":108}},"10":{"start":{"line":20,"column":60},"end":{"line":20,"column":107}},"11":{"start":{"line":21,"column":4},"end":{"line":25,"column":5}},"12":{"start":{"line":22,"column":8},"end":{"line":24,"column":10}},"13":{"start":{"line":28,"column":19},"end":{"line":35,"column":5}},"14":{"start":{"line":37,"column":4},"end":{"line":45,"column":5}},"15":{"start":{"line":38,"column":26},"end":{"line":38,"column":60}},"16":{"start":{"line":39,"column":8},"end":{"line":39,"column":25}},"17":{"start":{"line":41,"column":8},"end":{"line":41,"column":41}},"18":{"start":{"line":42,"column":8},"end":{"line":44,"column":10}},"19":{"start":{"line":48,"column":22},"end":{"line":70,"column":1}},"20":{"start":{"line":49,"column":21},"end":{"line":49,"column":211}},"21":{"start":{"line":50,"column":4},"end":{"line":68,"column":5}},"22":{"start":{"line":52,"column":12},"end":{"line":52,"column":216}},"23":{"start":{"line":53,"column":12},"end":{"line":53,"column":18}},"24":{"start":{"line":55,"column":12},"end":{"line":55,"column":236}},"25":{"start":{"line":56,"column":12},"end":{"line":56,"column":18}},"26":{"start":{"line":58,"column":12},"end":{"line":58,"column":256}},"27":{"start":{"line":59,"column":12},"end":{"line":59,"column":18}},"28":{"start":{"line":61,"column":12},"end":{"line":61,"column":276}},"29":{"start":{"line":62,"column":12},"end":{"line":62,"column":18}},"30":{"start":{"line":64,"column":12},"end":{"line":64,"column":296}},"31":{"start":{"line":65,"column":12},"end":{"line":65,"column":18}},"32":{"start":{"line":67,"column":12},"end":{"line":67,"column":196}},"33":{"start":{"line":69,"column":4},"end":{"line":69,"column":22}},"34":{"start":{"line":72,"column":0},"end":{"line":75,"column":2}}},"fnMap":{"0":{"name":"(anonymous_0)","decl":{"start":{"line":4,"column":21},"end":{"line":4,"column":22}},"loc":{"start":{"line":4,"column":36},"end":{"line":46,"column":1}},"line":4},"1":{"name":"(anonymous_1)","decl":{"start":{"line":19,"column":49},"end":{"line":19,"column":50}},"loc":{"start":{"line":19,"column":54},"end":{"line":19,"column":95}},"line":19},"2":{"name":"(anonymous_2)","decl":{"start":{"line":20,"column":55},"end":{"line":20,"column":56}},"loc":{"start":{"line":20,"column":60},"end":{"line":20,"column":107}},"line":20},"3":{"name":"(anonymous_3)","decl":{"start":{"line":48,"column":22},"end":{"line":48,"column":23}},"loc":{"start":{"line":48,"column":34},"end":{"line":70,"column":1}},"line":48}},"branchMap":{"0":{"loc":{"start":{"line":12,"column":4},"end":{"line":16,"column":5}},"type":"if","locations":[{"start":{"line":12,"column":4},"end":{"line":16,"column":5}},{"start":{},"end":{}}],"line":12},"1":{"loc":{"start":{"line":21,"column":4},"end":{"line":25,"column":5}},"type":"if","locations":[{"start":{"line":21,"column":4},"end":{"line":25,"column":5}},{"start":{},"end":{}}],"line":21},"2":{"loc":{"start":{"line":21,"column":7},"end":{"line":21,"column":41}},"type":"binary-expr","locations":[{"start":{"line":21,"column":7},"end":{"line":21,"column":19}},{"start":{"line":21,"column":23},"end":{"line":21,"column":41}}],"line":21},"3":{"loc":{"start":{"line":50,"column":4},"end":{"line":68,"column":5}},"type":"switch","locations":[{"start":{"line":51,"column":8},"end":{"line":53,"column":18}},{"start":{"line":54,"column":8},"end":{"line":56,"column":18}},{"start":{"line":57,"column":8},"end":{"line":59,"column":18}},{"start":{"line":60,"column":8},"end":{"line":62,"column":18}},{"start":{"line":63,"column":8},"end":{"line":65,"column":18}},{"start":{"line":66,"column":8},"end":{"line":67,"column":196}}],"line":50}},"s":{"0":1,"1":1,"2":1,"3":0,"4":0,"5":0,"6":0,"7":0,"8":0,"9":0,"10":0,"11":0,"12":0,"13":0,"14":0,"15":0,"16":0,"17":0,"18":0,"19":1,"20":0,"21":0,"22":0,"23":0,"24":0,"25":0,"26":0,"27":0,"28":0,"29":0,"30":0,"31":0,"32":0,"33":0,"34":1},"f":{"0":0,"1":0,"2":0,"3":0},"b":{"0":[0,0],"1":[0,0],"2":[0,0],"3":[0,0,0,0,0,0]},"_coverageSchema":"1a1c01bbd47fc00a2c39e90264f33305004495a9","hash":"1ccd09489ce5030ccfb25206482466550572efe3"}
,"C:\\Users\\atardecer\\Desktop\\pruebas de software\\expressCart\\lib\\modules\\shipping-basic.js": {"path":"C:\\Users\\atardecer\\Desktop\\pruebas de software\\expressCart\\lib\\modules\\shipping-basic.js","statementMap":{"0":{"start":{"line":1,"column":31},"end":{"line":1,"column":33}},"1":{"start":{"line":2,"column":36},"end":{"line":2,"column":38}},"2":{"start":{"line":3,"column":22},"end":{"line":3,"column":25}},"3":{"start":{"line":4,"column":28},"end":{"line":4,"column":39}},"4":{"start":{"line":6,"column":26},"end":{"line":43,"column":1}},"5":{"start":{"line":8,"column":4},"end":{"line":13,"column":5}},"6":{"start":{"line":9,"column":8},"end":{"line":9,"column":54}},"7":{"start":{"line":10,"column":8},"end":{"line":10,"column":42}},"8":{"start":{"line":11,"column":8},"end":{"line":11,"column":70}},"9":{"start":{"line":12,"column":8},"end":{"line":12,"column":15}},"10":{"start":{"line":16,"column":4},"end":{"line":21,"column":5}},"11":{"start":{"line":17,"column":8},"end":{"line":17,"column":54}},"12":{"start":{"line":18,"column":8},"end":{"line":18,"column":42}},"13":{"start":{"line":19,"column":8},"end":{"line":19,"column":70}},"14":{"start":{"line":20,"column":8},"end":{"line":20,"column":15}},"15":{"start":{"line":24,"column":4},"end":{"line":29,"column":5}},"16":{"start":{"line":25,"column":8},"end":{"line":25,"column":59}},"17":{"start":{"line":26,"column":8},"end":{"line":26,"column":63}},"18":{"start":{"line":27,"column":8},"end":{"line":27,"column":70}},"19":{"start":{"line":28,"column":8},"end":{"line":28,"column":15}},"20":{"start":{"line":32,"column":4},"end":{"line":37,"column":5}},"21":{"start":{"line":33,"column":8},"end":{"line":33,"column":63}},"22":{"start":{"line":34,"column":8},"end":{"line":34,"column":68}},"23":{"start":{"line":35,"column":8},"end":{"line":35,"column":75}},"24":{"start":{"line":36,"column":8},"end":{"line":36,"column":15}},"25":{"start":{"line":40,"column":4},"end":{"line":40,"column":54}},"26":{"start":{"line":41,"column":4},"end":{"line":41,"column":59}},"27":{"start":{"line":42,"column":4},"end":{"line":42,"column":66}},"28":{"start":{"line":45,"column":0},"end":{"line":47,"column":2}}},"fnMap":{"0":{"name":"(anonymous_0)","decl":{"start":{"line":6,"column":26},"end":{"line":6,"column":27}},"loc":{"start":{"line":6,"column":51},"end":{"line":43,"column":1}},"line":6}},"branchMap":{"0":{"loc":{"start":{"line":8,"column":4},"end":{"line":13,"column":5}},"type":"if","locations":[{"start":{"line":8,"column":4},"end":{"line":13,"column":5}},{"start":{},"end":{}}],"line":8},"1":{"loc":{"start":{"line":16,"column":4},"end":{"line":21,"column":5}},"type":"if","locations":[{"start":{"line":16,"column":4},"end":{"line":21,"column":5}},{"start":{},"end":{}}],"line":16},"2":{"loc":{"start":{"line":24,"column":4},"end":{"line":29,"column":5}},"type":"if","locations":[{"start":{"line":24,"column":4},"end":{"line":29,"column":5}},{"start":{},"end":{}}],"line":24},"3":{"loc":{"start":{"line":32,"column":4},"end":{"line":37,"column":5}},"type":"if","locations":[{"start":{"line":32,"column":4},"end":{"line":37,"column":5}},{"start":{},"end":{}}],"line":32}},"s":{"0":1,"1":1,"2":1,"3":1,"4":1,"5":0,"6":0,"7":0,"8":0,"9":0,"10":0,"11":0,"12":0,"13":0,"14":0,"15":0,"16":0,"17":0,"18":0,"19":0,"20":0,"21":0,"22":0,"23":0,"24":0,"25":0,"26":0,"27":0,"28":1},"f":{"0":0},"b":{"0":[0,0],"1":[0,0],"2":[0,0],"3":[0,0]},"_coverageSchema":"1a1c01bbd47fc00a2c39e90264f33305004495a9","hash":"6c21c972ec087f19decf20b303ebae37fc21b9ec"}
}
