TN:
SF:lib\cart.js
FN:5,(anonymous_0)
FN:18,(anonymous_1)
FN:59,(anonymous_2)
FN:66,(anonymous_3)
FN:75,(anonymous_4)
FNF:5
FNH:4
FNDA:4,(anonymous_0)
FNDA:0,(anonymous_1)
FNDA:3,(anonymous_2)
FNDA:1,(anonymous_3)
FNDA:2,(anonymous_4)
DA:3,1
DA:5,1
DA:6,4
DA:7,4
DA:9,4
DA:10,4
DA:11,4
DA:14,4
DA:15,4
DA:18,0
DA:19,0
DA:20,0
DA:24,0
DA:27,0
DA:30,0
DA:33,0
DA:40,0
DA:42,0
DA:43,0
DA:44,0
DA:50,0
DA:51,0
DA:56,0
DA:59,1
DA:61,3
DA:62,2
DA:63,2
DA:66,1
DA:67,1
DA:68,1
DA:70,0
DA:75,1
DA:76,2
DA:79,2
DA:80,2
DA:81,2
DA:82,2
DA:83,2
DA:86,2
DA:89,2
DA:92,2
DA:95,2
DA:96,2
DA:97,1
DA:100,2
DA:101,1
DA:105,1
DA:106,1
DA:107,1
DA:110,0
DA:111,0
DA:112,0
DA:115,1
LF:53
LH:35
BRDA:14,0,0,4
BRDA:14,0,1,0
BRDA:40,1,0,0
BRDA:40,1,1,0
BRDA:43,2,0,0
BRDA:43,2,1,0
BRDA:61,3,0,2
BRDA:61,3,1,1
BRDA:61,4,0,3
BRDA:61,4,1,1
BRDA:67,5,0,1
BRDA:67,5,1,0
BRDA:96,6,0,1
BRDA:96,6,1,1
BRDA:100,7,0,1
BRDA:100,7,1,1
BRDA:105,8,0,1
BRDA:105,8,1,0
BRF:18
BRH:11
end_of_record
TN:
SF:lib\common.js
FN:21,(anonymous_0)
FN:43,(anonymous_1)
FN:48,(anonymous_2)
FN:52,(anonymous_3)
FN:63,(anonymous_4)
FN:75,(anonymous_5)
FN:85,(anonymous_6)
FN:93,(anonymous_7)
FN:99,(anonymous_8)
FN:104,(anonymous_9)
FN:115,(anonymous_10)
FN:121,(anonymous_11)
FN:130,(anonymous_12)
FN:142,(anonymous_13)
FN:143,(anonymous_14)
FN:146,(anonymous_15)
FN:197,(anonymous_16)
FN:216,(anonymous_17)
FN:243,(anonymous_18)
FN:252,(anonymous_19)
FN:261,(anonymous_20)
FN:265,(anonymous_21)
FN:269,(anonymous_22)
FN:274,(anonymous_23)
FN:279,(anonymous_24)
FN:283,(anonymous_25)
FN:287,(anonymous_26)
FN:294,(anonymous_27)
FNF:28
FNH:19
FNDA:250,(anonymous_0)
FNDA:1,(anonymous_1)
FNDA:1,(anonymous_2)
FNDA:1,(anonymous_3)
FNDA:3,(anonymous_4)
FNDA:4,(anonymous_5)
FNDA:3,(anonymous_6)
FNDA:1,(anonymous_7)
FNDA:0,(anonymous_8)
FNDA:0,(anonymous_9)
FNDA:0,(anonymous_10)
FNDA:2,(anonymous_11)
FNDA:0,(anonymous_12)
FNDA:1,(anonymous_13)
FNDA:1,(anonymous_14)
FNDA:0,(anonymous_15)
FNDA:0,(anonymous_16)
FNDA:0,(anonymous_17)
FNDA:0,(anonymous_18)
FNDA:1,(anonymous_19)
FNDA:1,(anonymous_20)
FNDA:1,(anonymous_21)
FNDA:1,(anonymous_22)
FNDA:0,(anonymous_23)
FNDA:1,(anonymous_24)
FNDA:2,(anonymous_25)
FNDA:2,(anonymous_26)
FNDA:1,(anonymous_27)
DA:1,1
DA:2,1
DA:3,1
DA:4,1
DA:5,1
DA:6,1
DA:7,1
DA:8,1
DA:9,1
DA:10,1
DA:11,1
DA:12,1
DA:13,1
DA:16,1
DA:19,1
DA:20,1
DA:21,1
DA:22,250
DA:23,250
DA:24,250
DA:30,1
DA:38,1
DA:43,1
DA:44,1
DA:48,1
DA:49,1
DA:52,1
DA:53,1
DA:54,1
DA:55,2
DA:56,1
DA:60,1
DA:63,1
DA:64,3
DA:65,2
DA:66,2
DA:68,0
DA:71,1
DA:75,1
DA:76,4
DA:77,1
DA:79,3
DA:80,1
DA:82,2
DA:85,1
DA:86,3
DA:87,1
DA:89,2
DA:93,1
DA:94,1
DA:96,1
DA:97,1
DA:99,1
DA:100,0
DA:101,0
DA:102,0
DA:104,0
DA:105,0
DA:106,0
DA:107,0
DA:108,0
DA:110,0
DA:111,0
DA:112,0
DA:113,0
DA:114,0
DA:116,0
DA:121,1
DA:123,2
DA:124,1
DA:125,1
DA:127,2
DA:130,1
DA:131,0
DA:132,0
DA:134,0
DA:135,0
DA:137,0
DA:142,1
DA:143,1
DA:146,1
DA:147,0
DA:149,0
DA:150,0
DA:151,0
DA:155,0
DA:158,0
DA:161,0
DA:164,0
DA:166,0
DA:168,0
DA:172,0
DA:173,0
DA:176,0
DA:181,0
DA:182,0
DA:183,0
DA:187,0
DA:188,0
DA:190,0
DA:194,0
DA:197,1
DA:198,0
DA:200,0
DA:202,0
DA:203,0
DA:204,0
DA:205,0
DA:206,0
DA:208,0
DA:210,0
DA:211,0
DA:213,0
DA:216,1
DA:217,0
DA:219,0
DA:230,0
DA:231,0
DA:234,0
DA:236,0
DA:243,0
DA:244,0
DA:245,0
DA:247,0
DA:252,1
DA:253,1
DA:254,1
DA:255,0
DA:258,1
DA:261,1
DA:262,1
DA:265,1
DA:266,1
DA:268,1
DA:270,1
DA:271,1
DA:275,0
DA:279,1
DA:280,1
DA:283,1
DA:284,2
DA:287,1
DA:288,2
DA:289,1
DA:291,1
DA:294,1
DA:296,1
DA:297,1
DA:298,1
DA:299,1
DA:300,1
DA:301,1
DA:302,1
DA:303,1
DA:304,1
DA:305,1
DA:306,1
DA:307,1
DA:310,1
LF:159
LH:96
BRDA:53,0,0,1
BRDA:53,0,1,0
BRDA:55,1,0,1
BRDA:55,1,1,1
BRDA:64,2,0,2
BRDA:64,2,1,1
BRDA:76,3,0,1
BRDA:76,3,1,3
BRDA:76,4,0,4
BRDA:76,4,1,3
BRDA:79,5,0,1
BRDA:79,5,1,2
BRDA:79,6,0,3
BRDA:79,6,1,2
BRDA:86,7,0,1
BRDA:86,7,1,2
BRDA:86,8,0,3
BRDA:86,8,1,2
BRDA:101,9,0,0
BRDA:101,9,1,0
BRDA:107,10,0,0
BRDA:107,10,1,0
BRDA:123,11,0,1
BRDA:123,11,1,1
BRDA:150,12,0,0
BRDA:150,12,1,0
BRDA:166,13,0,0
BRDA:166,13,1,0
BRDA:172,14,0,0
BRDA:172,14,1,0
BRDA:181,15,0,0
BRDA:181,15,1,0
BRDA:187,16,0,0
BRDA:187,16,1,0
BRDA:205,17,0,0
BRDA:205,17,1,0
BRDA:230,18,0,0
BRDA:230,18,1,0
BRDA:244,19,0,0
BRDA:244,19,1,0
BRDA:253,20,0,1
BRDA:253,20,1,0
BRDA:254,21,0,0
BRDA:254,21,1,1
BRDA:270,22,0,1
BRDA:270,22,1,0
BRDA:288,23,0,1
BRDA:288,23,1,1
BRF:48
BRH:24
end_of_record
TN:
SF:lib\config.js
FN:7,(anonymous_0)
FN:18,(anonymous_1)
FN:45,(anonymous_2)
FN:56,(anonymous_3)
FN:61,(anonymous_4)
FN:68,(anonymous_5)
FN:83,(anonymous_6)
FN:86,(anonymous_7)
FN:129,(anonymous_8)
FN:155,(anonymous_9)
FNF:10
FNH:10
FNDA:15,(anonymous_0)
FNDA:570,(anonymous_1)
FNDA:45,(anonymous_2)
FNDA:3,(anonymous_3)
FNDA:3,(anonymous_4)
FNDA:24,(anonymous_5)
FNDA:3,(anonymous_6)
FNDA:15,(anonymous_7)
FNDA:1,(anonymous_8)
FNDA:2,(anonymous_9)
DA:1,3
DA:2,3
DA:3,3
DA:4,3
DA:5,3
DA:7,3
DA:8,15
DA:9,15
DA:12,15
DA:13,10
DA:14,10
DA:18,15
DA:19,570
DA:20,0
DA:24,15
DA:25,15
DA:26,15
DA:29,15
DA:30,15
DA:31,0
DA:34,15
DA:37,15
DA:38,15
DA:39,0
DA:43,15
DA:44,15
DA:45,15
DA:46,45
DA:49,0
DA:50,0
DA:53,15
DA:56,3
DA:57,3
DA:60,3
DA:61,3
DA:62,3
DA:63,3
DA:64,3
DA:68,3
DA:69,24
DA:70,0
DA:76,3
DA:77,0
DA:80,3
DA:83,3
DA:84,3
DA:86,3
DA:87,15
DA:88,15
DA:89,2
DA:91,15
DA:92,2
DA:93,2
DA:95,15
DA:96,2
DA:97,2
DA:102,3
DA:103,3
DA:104,3
DA:106,3
DA:107,2
DA:109,1
DA:112,3
DA:113,2
DA:116,3
DA:117,2
DA:120,3
DA:121,2
DA:126,3
DA:127,3
DA:128,1
DA:129,1
DA:130,1
DA:131,0
DA:134,0
DA:138,1
DA:139,1
DA:141,0
DA:146,3
DA:147,3
DA:148,3
DA:149,3
DA:151,0
DA:155,3
DA:156,2
DA:157,2
DA:158,2
DA:159,2
DA:160,0
DA:162,2
DA:163,2
DA:165,0
DA:169,3
LF:93
LH:80
BRDA:12,0,0,10
BRDA:12,0,1,5
BRDA:19,1,0,0
BRDA:19,1,1,570
BRDA:24,2,0,15
BRDA:24,2,1,0
BRDA:25,3,0,15
BRDA:25,3,1,0
BRDA:26,4,0,15
BRDA:26,4,1,0
BRDA:30,5,0,0
BRDA:30,5,1,15
BRDA:30,6,0,15
BRDA:30,6,1,15
BRDA:38,7,0,0
BRDA:38,7,1,15
BRDA:38,8,0,15
BRDA:38,8,1,15
BRDA:63,9,0,3
BRDA:63,9,1,0
BRDA:69,10,0,0
BRDA:69,10,1,24
BRDA:69,11,0,24
BRDA:69,11,1,0
BRDA:76,12,0,0
BRDA:76,12,1,3
BRDA:76,13,0,3
BRDA:76,13,1,3
BRDA:88,14,0,2
BRDA:88,14,1,13
BRDA:91,15,0,2
BRDA:91,15,1,13
BRDA:92,16,0,2
BRDA:92,16,1,0
BRDA:92,17,0,2
BRDA:92,17,1,0
BRDA:95,18,0,2
BRDA:95,18,1,13
BRDA:96,19,0,2
BRDA:96,19,1,0
BRDA:106,20,0,2
BRDA:106,20,1,1
BRDA:112,21,0,2
BRDA:112,21,1,1
BRDA:116,22,0,2
BRDA:116,22,1,1
BRDA:120,23,0,2
BRDA:120,23,1,1
BRDA:127,24,0,1
BRDA:127,24,1,2
BRDA:130,25,0,0
BRDA:130,25,1,1
BRDA:159,26,0,0
BRDA:159,26,1,2
BRF:54
BRH:39
end_of_record
TN:
SF:lib\menu.js
FN:3,(anonymous_0)
FN:8,(anonymous_1)
FN:11,(anonymous_2)
FN:25,(anonymous_3)
FN:29,(anonymous_4)
FN:36,(anonymous_5)
FN:39,(anonymous_6)
FN:43,(anonymous_7)
FN:47,(anonymous_8)
FN:53,(anonymous_9)
FN:56,(anonymous_10)
FN:62,(anonymous_11)
FN:66,(anonymous_12)
FN:71,(anonymous_13)
FN:80,(anonymous_14)
FN:83,(anonymous_15)
FN:90,(anonymous_16)
FN:94,(anonymous_17)
FNF:18
FNH:3
FNDA:3,(anonymous_0)
FNDA:1,(anonymous_1)
FNDA:0,(anonymous_2)
FNDA:0,(anonymous_3)
FNDA:0,(anonymous_4)
FNDA:1,(anonymous_5)
FNDA:0,(anonymous_6)
FNDA:0,(anonymous_7)
FNDA:0,(anonymous_8)
FNDA:0,(anonymous_9)
FNDA:0,(anonymous_10)
FNDA:0,(anonymous_11)
FNDA:0,(anonymous_12)
FNDA:0,(anonymous_13)
FNDA:0,(anonymous_14)
FNDA:0,(anonymous_15)
FNDA:0,(anonymous_16)
FNDA:0,(anonymous_17)
DA:1,1
DA:3,1
DA:4,3
DA:8,1
DA:9,1
DA:10,1
DA:13,0
DA:14,0
DA:15,0
DA:17,0
DA:23,0
DA:24,0
DA:26,0
DA:30,0
DA:31,0
DA:36,1
DA:37,1
DA:38,1
DA:41,0
DA:42,0
DA:44,0
DA:48,0
DA:53,1
DA:54,0
DA:55,0
DA:58,0
DA:59,0
DA:60,0
DA:61,0
DA:63,0
DA:67,0
DA:71,1
DA:72,0
DA:73,0
DA:74,0
DA:76,0
DA:80,1
DA:81,0
DA:82,0
DA:84,0
DA:86,0
DA:87,0
DA:89,0
DA:91,0
DA:95,0
DA:99,1
LF:46
LH:13
BRDA:13,0,0,0
BRDA:13,0,1,0
BRDA:72,1,0,0
BRDA:72,1,1,0
BRDA:72,2,0,0
BRDA:72,2,1,0
BRF:6
BRH:0
end_of_record
TN:
SF:lib\modules\discount-voucher.js
FN:1,(anonymous_0)
FNF:1
FNH:1
FNDA:5,(anonymous_0)
DA:1,4
DA:2,5
DA:3,5
DA:4,4
DA:5,3
DA:7,4
DA:9,1
DA:13,5
DA:16,4
LF:9
LH:9
BRDA:3,0,0,4
BRDA:3,0,1,1
BRDA:4,1,0,3
BRDA:4,1,1,1
BRDA:7,2,0,1
BRDA:7,2,1,3
BRF:6
BRH:6
end_of_record
TN:
SF:lib\modules\reviews-basic.js
FN:4,(anonymous_0)
FN:19,(anonymous_1)
FN:20,(anonymous_2)
FN:48,(anonymous_3)
FNF:4
FNH:0
FNDA:0,(anonymous_0)
FNDA:0,(anonymous_1)
FNDA:0,(anonymous_2)
FNDA:0,(anonymous_3)
DA:1,3
DA:2,3
DA:4,3
DA:5,0
DA:8,0
DA:12,0
DA:13,0
DA:19,0
DA:20,0
DA:21,0
DA:22,0
DA:28,0
DA:37,0
DA:38,0
DA:39,0
DA:41,0
DA:42,0
DA:48,3
DA:49,0
DA:50,0
DA:52,0
DA:53,0
DA:55,0
DA:56,0
DA:58,0
DA:59,0
DA:61,0
DA:62,0
DA:64,0
DA:65,0
DA:67,0
DA:69,0
DA:72,3
LF:33
LH:5
BRDA:12,0,0,0
BRDA:12,0,1,0
BRDA:21,1,0,0
BRDA:21,1,1,0
BRDA:21,2,0,0
BRDA:21,2,1,0
BRDA:50,3,0,0
BRDA:50,3,1,0
BRDA:50,3,2,0
BRDA:50,3,3,0
BRDA:50,3,4,0
BRDA:50,3,5,0
BRF:12
BRH:0
end_of_record
TN:
SF:lib\modules\shipping-basic.js
FN:6,(anonymous_0)
FNF:1
FNH:1
FNDA:7,(anonymous_0)
DA:1,4
DA:2,4
DA:3,4
DA:4,4
DA:6,4
DA:8,7
DA:9,2
DA:10,2
DA:11,2
DA:12,2
DA:16,5
DA:17,1
DA:18,1
DA:19,1
DA:20,1
DA:24,4
DA:25,1
DA:26,1
DA:27,1
DA:28,1
DA:32,3
DA:33,1
DA:34,1
DA:35,1
DA:36,1
DA:40,2
DA:41,2
DA:42,2
DA:45,4
LF:29
LH:29
BRDA:8,0,0,2
BRDA:8,0,1,5
BRDA:16,1,0,1
BRDA:16,1,1,4
BRDA:24,2,0,1
BRDA:24,2,1,3
BRDA:32,3,0,1
BRDA:32,3,1,2
BRF:8
BRH:8
end_of_record
