TN:
SF:lib\cart.js
FN:5,(anonymous_0)
FN:18,(anonymous_1)
FN:59,(anonymous_2)
FN:66,(anonymous_3)
FN:75,(anonymous_4)
FNF:5
FNH:4
FNDA:3,(anonymous_0)
FNDA:0,(anonymous_1)
FNDA:2,(anonymous_2)
FNDA:1,(anonymous_3)
FNDA:1,(anonymous_4)
DA:3,1
DA:5,1
DA:6,3
DA:7,3
DA:9,3
DA:10,3
DA:11,3
DA:14,3
DA:15,3
DA:18,0
DA:19,0
DA:20,0
DA:24,0
DA:27,0
DA:30,0
DA:33,0
DA:40,0
DA:42,0
DA:43,0
DA:44,0
DA:50,0
DA:51,0
DA:56,0
DA:59,1
DA:61,2
DA:62,1
DA:63,1
DA:66,1
DA:67,1
DA:68,1
DA:70,0
DA:75,1
DA:76,1
DA:79,1
DA:80,1
DA:81,1
DA:82,1
DA:83,1
DA:86,1
DA:89,1
DA:92,1
DA:95,1
DA:96,1
DA:97,0
DA:100,1
DA:101,0
DA:105,1
DA:106,1
DA:107,1
DA:110,0
DA:111,0
DA:112,0
DA:115,1
LF:53
LH:33
BRDA:14,0,0,3
BRDA:14,0,1,0
BRDA:40,1,0,0
BRDA:40,1,1,0
BRDA:43,2,0,0
BRDA:43,2,1,0
BRDA:61,3,0,1
BRDA:61,3,1,1
BRDA:61,4,0,2
BRDA:61,4,1,1
BRDA:67,5,0,1
BRDA:67,5,1,0
BRDA:96,6,0,0
BRDA:96,6,1,1
BRDA:100,7,0,0
BRDA:100,7,1,1
BRDA:105,8,0,1
BRDA:105,8,1,0
BRF:18
BRH:9
end_of_record
TN:
SF:lib\config.js
FN:7,(anonymous_0)
FN:18,(anonymous_1)
FN:45,(anonymous_2)
FN:56,(anonymous_3)
FN:61,(anonymous_4)
FN:68,(anonymous_5)
FN:83,(anonymous_6)
FN:86,(anonymous_7)
FN:129,(anonymous_8)
FN:155,(anonymous_9)
FNF:10
FNH:3
FNDA:3,(anonymous_0)
FNDA:105,(anonymous_1)
FNDA:9,(anonymous_2)
FNDA:0,(anonymous_3)
FNDA:0,(anonymous_4)
FNDA:0,(anonymous_5)
FNDA:0,(anonymous_6)
FNDA:0,(anonymous_7)
FNDA:0,(anonymous_8)
FNDA:0,(anonymous_9)
DA:1,1
DA:2,1
DA:3,1
DA:4,1
DA:5,1
DA:7,1
DA:8,3
DA:9,3
DA:12,3
DA:13,3
DA:14,3
DA:18,3
DA:19,105
DA:20,0
DA:24,3
DA:25,3
DA:26,3
DA:29,3
DA:30,3
DA:31,0
DA:34,3
DA:37,3
DA:38,3
DA:39,0
DA:43,3
DA:44,3
DA:45,3
DA:46,9
DA:49,0
DA:50,0
DA:53,3
DA:56,1
DA:57,0
DA:60,0
DA:61,0
DA:62,0
DA:63,0
DA:64,0
DA:68,0
DA:69,0
DA:70,0
DA:76,0
DA:77,0
DA:80,0
DA:83,1
DA:84,0
DA:86,0
DA:87,0
DA:88,0
DA:89,0
DA:91,0
DA:92,0
DA:93,0
DA:95,0
DA:96,0
DA:97,0
DA:102,0
DA:103,0
DA:104,0
DA:106,0
DA:107,0
DA:109,0
DA:112,0
DA:113,0
DA:116,0
DA:117,0
DA:120,0
DA:121,0
DA:126,0
DA:127,0
DA:128,0
DA:129,0
DA:130,0
DA:131,0
DA:134,0
DA:138,0
DA:139,0
DA:141,0
DA:146,0
DA:147,0
DA:148,0
DA:149,0
DA:151,0
DA:155,1
DA:156,0
DA:157,0
DA:158,0
DA:159,0
DA:160,0
DA:162,0
DA:163,0
DA:165,0
DA:169,1
LF:93
LH:30
BRDA:12,0,0,3
BRDA:12,0,1,0
BRDA:19,1,0,0
BRDA:19,1,1,105
BRDA:24,2,0,3
BRDA:24,2,1,0
BRDA:25,3,0,3
BRDA:25,3,1,0
BRDA:26,4,0,3
BRDA:26,4,1,0
BRDA:30,5,0,0
BRDA:30,5,1,3
BRDA:30,6,0,3
BRDA:30,6,1,3
BRDA:38,7,0,0
BRDA:38,7,1,3
BRDA:38,8,0,3
BRDA:38,8,1,3
BRDA:63,9,0,0
BRDA:63,9,1,0
BRDA:69,10,0,0
BRDA:69,10,1,0
BRDA:69,11,0,0
BRDA:69,11,1,0
BRDA:76,12,0,0
BRDA:76,12,1,0
BRDA:76,13,0,0
BRDA:76,13,1,0
BRDA:88,14,0,0
BRDA:88,14,1,0
BRDA:91,15,0,0
BRDA:91,15,1,0
BRDA:92,16,0,0
BRDA:92,16,1,0
BRDA:92,17,0,0
BRDA:92,17,1,0
BRDA:95,18,0,0
BRDA:95,18,1,0
BRDA:96,19,0,0
BRDA:96,19,1,0
BRDA:106,20,0,0
BRDA:106,20,1,0
BRDA:112,21,0,0
BRDA:112,21,1,0
BRDA:116,22,0,0
BRDA:116,22,1,0
BRDA:120,23,0,0
BRDA:120,23,1,0
BRDA:127,24,0,0
BRDA:127,24,1,0
BRDA:130,25,0,0
BRDA:130,25,1,0
BRDA:159,26,0,0
BRDA:159,26,1,0
BRF:54
BRH:11
end_of_record
TN:
SF:lib\modules\discount-voucher.js
FN:1,(anonymous_0)
FNF:1
FNH:1
FNDA:5,(anonymous_0)
DA:1,2
DA:2,5
DA:3,5
DA:4,4
DA:5,3
DA:7,4
DA:9,1
DA:13,5
DA:16,2
LF:9
LH:9
BRDA:3,0,0,4
BRDA:3,0,1,1
BRDA:4,1,0,3
BRDA:4,1,1,1
BRDA:7,2,0,1
BRDA:7,2,1,3
BRF:6
BRH:6
end_of_record
TN:
SF:lib\modules\reviews-basic.js
FN:4,(anonymous_0)
FN:19,(anonymous_1)
FN:20,(anonymous_2)
FN:48,(anonymous_3)
FNF:4
FNH:0
FNDA:0,(anonymous_0)
FNDA:0,(anonymous_1)
FNDA:0,(anonymous_2)
FNDA:0,(anonymous_3)
DA:1,1
DA:2,1
DA:4,1
DA:5,0
DA:8,0
DA:12,0
DA:13,0
DA:19,0
DA:20,0
DA:21,0
DA:22,0
DA:28,0
DA:37,0
DA:38,0
DA:39,0
DA:41,0
DA:42,0
DA:48,1
DA:49,0
DA:50,0
DA:52,0
DA:53,0
DA:55,0
DA:56,0
DA:58,0
DA:59,0
DA:61,0
DA:62,0
DA:64,0
DA:65,0
DA:67,0
DA:69,0
DA:72,1
LF:33
LH:5
BRDA:12,0,0,0
BRDA:12,0,1,0
BRDA:21,1,0,0
BRDA:21,1,1,0
BRDA:21,2,0,0
BRDA:21,2,1,0
BRDA:50,3,0,0
BRDA:50,3,1,0
BRDA:50,3,2,0
BRDA:50,3,3,0
BRDA:50,3,4,0
BRDA:50,3,5,0
BRF:12
BRH:0
end_of_record
TN:
SF:lib\modules\shipping-basic.js
FN:6,(anonymous_0)
FNF:1
FNH:1
FNDA:7,(anonymous_0)
DA:1,2
DA:2,2
DA:3,2
DA:4,2
DA:6,2
DA:8,7
DA:9,2
DA:10,2
DA:11,2
DA:12,2
DA:16,5
DA:17,1
DA:18,1
DA:19,1
DA:20,1
DA:24,4
DA:25,1
DA:26,1
DA:27,1
DA:28,1
DA:32,3
DA:33,1
DA:34,1
DA:35,1
DA:36,1
DA:40,2
DA:41,2
DA:42,2
DA:45,2
LF:29
LH:29
BRDA:8,0,0,2
BRDA:8,0,1,5
BRDA:16,1,0,1
BRDA:16,1,1,4
BRDA:24,2,0,1
BRDA:24,2,1,3
BRDA:32,3,0,1
BRDA:32,3,1,2
BRF:8
BRH:8
end_of_record
